#
# A fatal error has been detected by the Java Runtime Environment:
#
#  EXCEPTION_ACCESS_VIOLATION (0xc0000005) at pc=0x00007ffa7e8e5039, pid=7340, tid=5104
#
# JRE version: OpenJDK Runtime Environment (11.0.13) (build 11.0.13+0-b1751.21-8125866)
# Java VM: OpenJDK 64-Bit Server VM (11.0.13+0-b1751.21-8125866, mixed mode, tiered, compressed oops, g1 gc, windows-amd64)
# Problematic frame:
# V  [jvm.dll+0x2e5039]
#
# No core dump will be written. Minidumps are not enabled by default on client versions of Windows
#
# If you would like to submit a bug report, please visit:
#   https://bugreport.java.com/bugreport/crash.jsp
#

---------------  S U M M A R Y ------------

Command Line: --add-opens=java.base/java.util=ALL-UNNAMED --add-opens=java.base/java.lang=ALL-UNNAMED --add-opens=java.base/java.lang.invoke=ALL-UNNAMED --add-opens=java.base/java.util=ALL-UNNAMED --add-opens=java.prefs/java.util.prefs=ALL-UNNAMED --add-opens=java.prefs/java.util.prefs=ALL-UNNAMED --add-opens=java.base/java.nio.charset=ALL-UNNAMED --add-opens=java.base/java.net=ALL-UNNAMED --add-opens=java.base/java.util.concurrent.atomic=ALL-UNNAMED -Xmx2048m -Dfile.encoding=UTF-8 -Duser.country=RU -Duser.language=ru -Duser.variant org.gradle.launcher.daemon.bootstrap.GradleDaemon 7.4

Host: Intel(R) Core(TM) i5-4460  CPU @ 3.20GHz, 4 cores, 7G,  Windows 10 , 64 bit Build 19041 (10.0.19041.2251)
Time: Sun Dec 11 13:42:33 2022 RTZ 2 (зима) elapsed time: 6211.783118 seconds (0d 1h 43m 31s)

---------------  T H R E A D  ---------------

Current thread (0x000002119f827000):  ConcurrentGCThread "G1 Conc#0" [stack: 0x00000055f5400000,0x00000055f5500000] [id=5104]

Stack: [0x00000055f5400000,0x00000055f5500000],  sp=0x00000055f54ff6b0,  free space=1021k
Native frames: (J=compiled Java code, j=interpreted, Vv=VM code, C=native code)
V  [jvm.dll+0x2e5039]
V  [jvm.dll+0x2e9a4b]
V  [jvm.dll+0x2f0671]
V  [jvm.dll+0x2f1caf]
V  [jvm.dll+0x771260]
V  [jvm.dll+0x706a75]
V  [jvm.dll+0x60ed66]
C  [ucrtbase.dll+0x21bb2]
C  [KERNEL32.DLL+0x174b4]
C  [ntdll.dll+0x526a1]


siginfo: EXCEPTION_ACCESS_VIOLATION (0xc0000005), reading address 0x0000000000000160


Register to memory mapping:

RIP=0x00007ffa7e8e5039 jvm.dll
RAX=0x0 is NULL
RBX=0x0000000000080000 is an unknown value
RCX=0x000002119f81ce40 points into unknown readable memory: 0x000002119f825800 | 00 58 82 9f 11 02 00 00
RDX=0x0 is NULL
RSP=0x00000055f54ff6b0 points into unknown readable memory: 0x0000000088d769e0 | e0 69 d7 88 00 00 00 00
RBP=0x000002119f81ce40 points into unknown readable memory: 0x000002119f825800 | 00 58 82 9f 11 02 00 00
RSI=0x0000000100002308 is pointing into metadata
RDI=0x000000008a96b300 is pointing into object: java.lang.Class 
{0x000000008a96b2b0} - klass: 'java/lang/Class'
R8 =0x0 is NULL
R9 =0x0000000000080000 is an unknown value
R10=0x000002119f81ce40 points into unknown readable memory: 0x000002119f825800 | 00 58 82 9f 11 02 00 00
R11=0x00000055f54ff760 points into unknown readable memory: 0x00007ffa7ee495f8 | f8 95 e4 7e fa 7f 00 00
R12=0x0 is NULL
R13=0x0000000100002070 is a pointer to class: 
java.lang.Class {0x0000000100002078}
R14=0x0 is NULL
R15=0x0000000100002310 is a pointer to class: 
java.lang.Cloneable {0x0000000100002318}


Registers:
RAX=0x0000000000000000, RBX=0x0000000000080000, RCX=0x000002119f81ce40, RDX=0x0000000000000000
RSP=0x00000055f54ff6b0, RBP=0x000002119f81ce40, RSI=0x0000000100002308, RDI=0x000000008a96b300
R8 =0x0000000000000000, R9 =0x0000000000080000, R10=0x000002119f81ce40, R11=0x00000055f54ff760
R12=0x0000000000000000, R13=0x0000000100002070, R14=0x0000000000000000, R15=0x0000000100002310
RIP=0x00007ffa7e8e5039, EFLAGS=0x0000000000010202

Top of Stack: (sp=0x00000055f54ff6b0)
0x00000055f54ff6b0:   0000000088d769e0 0000000100002308
0x00000055f54ff6c0:   0000000000000003 00007ffa7e8e50e7
0x00000055f54ff6d0:   000000008a96b2b0 00007ffa7e8e9a4b
0x00000055f54ff6e0:   0000000100002308 000000008a96b300
0x00000055f54ff6f0:   000000008a96b2f8 00000055f54ff760
0x00000055f54ff700:   0000000000000000 00007ffa7e8ea1df
0x00000055f54ff710:   000000000000000c 0000000000000000
0x00000055f54ff720:   00007ffa7efc3320 0000000000000000
0x00000055f54ff730:   000000008aa00000 00007ffa7e8f0671
0x00000055f54ff740:   0000000100002070 000000008a96b2b0
0x00000055f54ff750:   000000000000000e 0000000100005a28
0x00000055f54ff760:   00007ffa7ee495f8 0000000000000000
0x00000055f54ff770:   000002119f7e7a80 000002119f81ce40
0x00000055f54ff780:   0000000000000000 0000000000000000
0x00000055f54ff790:   0000000000000000 00000055f53ff320
0x00000055f54ff7a0:   0000000000000000 00007ffa7e8f1caf 

Instructions: (pc=0x00007ffa7e8e5039)
0x00007ffa7e8e4f39:   00 00 00 00 48 8b fa 4c 8b ca 49 8b 42 08 8b 53
0x00007ffa7e8e4f49:   10 8b 88 c0 02 00 00 48 8b 80 b0 02 00 00 49 d3
0x00007ffa7e8e4f59:   e8 49 8b ca 4e 8b 04 c0 e8 ba 00 00 00 84 c0 75
0x00007ffa7e8e4f69:   0b 48 8b 5c 24 48 48 83 c4 30 5f c3 48 8b 43 20
0x00007ffa7e8e4f79:   48 8b 88 d8 02 00 00 48 8b 83 98 00 00 00 48 85
0x00007ffa7e8e4f89:   c0 74 0e 48 3b f8 72 0e 48 3b bb a0 00 00 00 72
0x00007ffa7e8e4f99:   77 48 3b f9 73 72 80 3d 33 32 74 00 00 74 15 8b
0x00007ffa7e8e4fa9:   47 08 8b 0d 67 9e 6f 00 48 d3 e0 48 03 05 55 9e
0x00007ffa7e8e4fb9:   6f 00 eb 04 48 8b 47 08 81 78 08 00 00 00 c0 72
0x00007ffa7e8e4fc9:   35 48 8b 83 b0 00 00 00 48 39 83 a8 00 00 00 73
0x00007ffa7e8e4fd9:   10 48 8b 83 c8 00 00 00 48 39 83 c0 00 00 00 72
0x00007ffa7e8e4fe9:   27 48 8b cb e8 0e a5 00 00 b0 01 48 8b 5c 24 48
0x00007ffa7e8e4ff9:   48 83 c4 30 5f c3 48 8d 54 24 40 48 89 7c 24 40
0x00007ffa7e8e5009:   48 8b cb e8 6f 19 00 00 b0 01 48 8b 5c 24 48 48
0x00007ffa7e8e5019:   83 c4 30 5f c3 cc cc 48 89 5c 24 18 48 89 6c 24
0x00007ffa7e8e5029:   20 41 56 48 83 ec 20 49 8b d9 44 8b f2 48 8b e9
0x00007ffa7e8e5039:   4d 3b 88 60 01 00 00 72 13 32 c0 48 8b 5c 24 40
0x00007ffa7e8e5049:   48 8b 6c 24 48 48 83 c4 20 41 5e c3 48 8b 81 90
0x00007ffa7e8e5059:   00 00 00 48 8b d3 48 89 74 24 30 48 2b 10 8b 48
0x00007ffa7e8e5069:   10 48 c1 ea 03 48 d3 ea 48 8d 48 18 e8 b6 e0 e2
0x00007ffa7e8e5079:   ff 0f b6 f0 84 c0 74 6f 48 89 7c 24 38 48 8b 7c
0x00007ffa7e8e5089:   24 50 48 85 ff 75 2d 40 38 3d 42 31 74 00 74 15
0x00007ffa7e8e5099:   8b 53 08 8b 0d 76 9d 6f 00 48 d3 e2 48 03 15 64
0x00007ffa7e8e50a9:   9d 6f 00 eb 04 48 8b 53 08 48 8b cb e8 86 d2 ea
0x00007ffa7e8e50b9:   ff 48 63 f8 48 8b 85 f0 02 00 00 8b 0d c6 38 74
0x00007ffa7e8e50c9:   00 4a 8b 14 f0 48 8b 42 18 48 8b 40 10 48 2b d8
0x00007ffa7e8e50d9:   48 d3 eb 48 8d 4a 38 8b d3 e8 b9 e4 ff ff 48 01
0x00007ffa7e8e50e9:   78 08 48 8b 7c 24 38 48 8b 5c 24 40 40 0f b6 c6
0x00007ffa7e8e50f9:   48 8b 74 24 30 48 8b 6c 24 48 48 83 c4 20 41 5e
0x00007ffa7e8e5109:   c3 cc cc cc cc cc cc 4c 8b 81 b8 02 00 00 48 8b
0x00007ffa7e8e5119:   81 a8 02 00 00 8b 91 c0 02 00 00 49 03 c0 8b ca
0x00007ffa7e8e5129:   48 d3 e0 49 d3 e0 49 2b c0 48 83 e0 f8 c3 cc cc 


Stack slot to memory mapping:
stack at sp + 0 slots: 0x0000000088d769e0 is an oop: java.security.ProtectionDomain 
{0x0000000088d769e0} - klass: 'java/security/ProtectionDomain'
stack at sp + 1 slots: 0x0000000100002308 is pointing into metadata
stack at sp + 2 slots: 0x0000000000000003 is an unknown value
stack at sp + 3 slots: 0x00007ffa7e8e50e7 jvm.dll
stack at sp + 4 slots: 0x000000008a96b2b0 is an oop: java.lang.Class 
{0x000000008a96b2b0} - klass: 'java/lang/Class'
stack at sp + 5 slots: 0x00007ffa7e8e9a4b jvm.dll
stack at sp + 6 slots: 0x0000000100002308 is pointing into metadata
stack at sp + 7 slots: 0x000000008a96b300 is pointing into object: java.lang.Class 
{0x000000008a96b2b0} - klass: 'java/lang/Class'


---------------  P R O C E S S  ---------------

Threads class SMR info:
_java_thread_list=0x00000211c0daecd0, length=79, elements={
0x000002119f7da000, 0x00000211bb32e000, 0x00000211bb337800, 0x00000211bbccd000,
0x00000211bbcce000, 0x00000211bbccf800, 0x00000211bbcd3000, 0x00000211bb347800,
0x00000211bb34a800, 0x00000211bbe39000, 0x00000211bf03b000, 0x00000211be155000,
0x00000211be5ef800, 0x00000211beda2800, 0x00000211beda1800, 0x00000211bed9e000,
0x00000211beda5000, 0x00000211beda3000, 0x00000211beda4000, 0x00000211bed9f000,
0x00000211beda0000, 0x00000211beda0800, 0x00000211bf8c1000, 0x00000211bf8c2000,
0x00000211bf1be800, 0x00000211bf1b4800, 0x00000211bf1b8000, 0x00000211bf1b7000,
0x00000211bf1b2800, 0x00000211bf1b9000, 0x00000211bf1b5800, 0x00000211bf1b3000,
0x00000211bf1b6800, 0x00000211bf1b9800, 0x00000211bf1b4000, 0x00000211bf1bf800,
0x00000211c7b18000, 0x00000211bf1c0000, 0x00000211bf1ba800, 0x00000211bf1bc000,
0x00000211bf1c1000, 0x00000211bf1bb800, 0x00000211bf1bd000, 0x00000211bf1bd800,
0x00000211c5194800, 0x00000211c5192000, 0x00000211c5196000, 0x00000211c5193800,
0x00000211c5190800, 0x00000211c5197000, 0x00000211c5191000, 0x00000211c519b800,
0x00000211c5197800, 0x00000211c5199800, 0x00000211c519b000, 0x00000211c519c800,
0x00000211c519e000, 0x00000211c519a000, 0x00000211c5198800, 0x00000211c519d800,
0x00000211c519f000, 0x00000211bf8c0000, 0x00000211bf8c3800, 0x00000211bf8be800,
0x00000211bf8be000, 0x00000211bf8c4800, 0x00000211bf8c5000, 0x00000211bf8bf800,
0x00000211bf8c6000, 0x00000211bf8c7000, 0x00000211bf8c7800, 0x00000211bf8c8800,
0x00000211bf8c9000, 0x00000211bf8ca000, 0x00000211c26b2800, 0x00000211c26b3000,
0x00000211c26b1800, 0x00000211c26b0000, 0x00000211c26ae800
}

Java Threads: ( => current thread )
  0x000002119f7da000 JavaThread "main" [_thread_blocked, id=6500, stack(0x00000055f5100000,0x00000055f5200000)]
  0x00000211bb32e000 JavaThread "Reference Handler" daemon [_thread_blocked, id=5464, stack(0x00000055f5800000,0x00000055f5900000)]
  0x00000211bb337800 JavaThread "Finalizer" daemon [_thread_blocked, id=2764, stack(0x00000055f5900000,0x00000055f5a00000)]
  0x00000211bbccd000 JavaThread "Signal Dispatcher" daemon [_thread_blocked, id=2680, stack(0x00000055f5a00000,0x00000055f5b00000)]
  0x00000211bbcce000 JavaThread "Attach Listener" daemon [_thread_blocked, id=2916, stack(0x00000055f5b00000,0x00000055f5c00000)]
  0x00000211bbccf800 JavaThread "Service Thread" daemon [_thread_blocked, id=7752, stack(0x00000055f5c00000,0x00000055f5d00000)]
  0x00000211bbcd3000 JavaThread "C2 CompilerThread0" daemon [_thread_in_native, id=5980, stack(0x00000055f5d00000,0x00000055f5e00000)]
  0x00000211bb347800 JavaThread "C1 CompilerThread0" daemon [_thread_in_native_trans, id=128, stack(0x00000055f5e00000,0x00000055f5f00000)]
  0x00000211bb34a800 JavaThread "Sweeper thread" daemon [_thread_blocked, id=6424, stack(0x00000055f5f00000,0x00000055f6000000)]
  0x00000211bbe39000 JavaThread "Common-Cleaner" daemon [_thread_blocked, id=10196, stack(0x00000055f6000000,0x00000055f6100000)]
  0x00000211bf03b000 JavaThread "Daemon health stats" [_thread_blocked, id=2780, stack(0x00000055f6500000,0x00000055f6600000)]
  0x00000211be155000 JavaThread "Incoming local TCP Connector on port 3516" [_thread_in_native, id=8856, stack(0x00000055f6600000,0x00000055f6700000)]
  0x00000211be5ef800 JavaThread "Daemon periodic checks" [_thread_blocked, id=5040, stack(0x00000055f6800000,0x00000055f6900000)]
  0x00000211beda2800 JavaThread "Cache worker for journal cache (C:\Users\Marina\.gradle\caches\journal-1)" [_thread_blocked, id=5180, stack(0x00000055f7000000,0x00000055f7100000)]
  0x00000211beda1800 JavaThread "File lock request listener" [_thread_in_native, id=8868, stack(0x00000055f7100000,0x00000055f7200000)]
  0x00000211bed9e000 JavaThread "Cache worker for file hash cache (C:\Users\Marina\.gradle\caches\7.4\fileHashes)" [_thread_blocked, id=2488, stack(0x00000055f7200000,0x00000055f7300000)]
  0x00000211beda5000 JavaThread "File watcher server" daemon [_thread_in_native, id=72, stack(0x00000055f6200000,0x00000055f6300000)]
  0x00000211beda3000 JavaThread "File watcher consumer" daemon [_thread_blocked, id=9308, stack(0x00000055f7300000,0x00000055f7400000)]
  0x00000211beda4000 JavaThread "jar transforms" [_thread_blocked, id=1004, stack(0x00000055f7500000,0x00000055f7600000)]
  0x00000211bed9f000 JavaThread "jar transforms Thread 2" [_thread_blocked, id=9352, stack(0x00000055f7600000,0x00000055f7700000)]
  0x00000211beda0000 JavaThread "jar transforms Thread 3" [_thread_blocked, id=3428, stack(0x00000055f7700000,0x00000055f7800000)]
  0x00000211beda0800 JavaThread "jar transforms Thread 4" [_thread_blocked, id=9464, stack(0x00000055f7800000,0x00000055f7900000)]
  0x00000211bf8c1000 JavaThread "Cache worker for execution history cache (C:\Users\Marina\.gradle\caches\7.4\executionHistory)" [_thread_blocked, id=5752, stack(0x00000055f7c00000,0x00000055f7d00000)]
  0x00000211bf8c2000 JavaThread "Cache worker for file content cache (C:\Users\Marina\.gradle\caches\7.4\fileContent)" [_thread_blocked, id=5988, stack(0x00000055f7e00000,0x00000055f7f00000)]
  0x00000211bf1be800 JavaThread "Memory manager" [_thread_blocked, id=6372, stack(0x00000055fab00000,0x00000055fac00000)]
  0x00000211bf1b4800 JavaThread "Daemon Thread 2" [_thread_blocked, id=13108, stack(0x00000055f4e00000,0x00000055f4f00000)]
  0x00000211bf1b8000 JavaThread "Handler for socket connection from /127.0.0.1:3516 to /127.0.0.1:4757" [_thread_in_native, id=14108, stack(0x00000055f4f00000,0x00000055f5000000)]
  0x00000211bf1b7000 JavaThread "Cancel handler" [_thread_blocked, id=2856, stack(0x00000055f5000000,0x00000055f5100000)]
  0x00000211bf1b2800 JavaThread "Daemon worker Thread 2" [_thread_in_vm, id=12004, stack(0x00000055f6900000,0x00000055f6a00000)]
  0x00000211bf1b9000 JavaThread "Asynchronous log dispatcher for DefaultDaemonConnection: socket connection from /127.0.0.1:3516 to /127.0.0.1:4757" [_thread_blocked, id=12228, stack(0x00000055f6a00000,0x00000055f6b00000)]
  0x00000211bf1b5800 JavaThread "Stdin handler" [_thread_blocked, id=13256, stack(0x00000055f6b00000,0x00000055f6c00000)]
  0x00000211bf1b3000 JavaThread "Daemon client event forwarder" [_thread_blocked, id=11076, stack(0x00000055f6c00000,0x00000055f6d00000)]
  0x00000211bf1b6800 JavaThread "Cache worker for checksums cache (C:\Users\Marina\AndroidStudioProjects\second\.gradle\7.4\checksums)" [_thread_blocked, id=12152, stack(0x00000055f6d00000,0x00000055f6e00000)]
  0x00000211bf1b9800 JavaThread "Cache worker for cache directory md-rule (C:\Users\Marina\.gradle\caches\7.4\md-rule)" [_thread_blocked, id=9684, stack(0x00000055f6e00000,0x00000055f6f00000)]
  0x00000211bf1b4000 JavaThread "Cache worker for file hash cache (C:\Users\Marina\AndroidStudioProjects\second\.gradle\7.4\fileHashes)" [_thread_blocked, id=4036, stack(0x00000055f6f00000,0x00000055f7000000)]
  0x00000211bf1bf800 JavaThread "Cache worker for cache directory md-supplier (C:\Users\Marina\.gradle\caches\7.4\md-supplier)" [_thread_blocked, id=10448, stack(0x00000055f7400000,0x00000055f7500000)]
  0x00000211c7b18000 JavaThread "C2 CompilerThread1" daemon [_thread_in_native, id=1048, stack(0x00000055f7900000,0x00000055f7a00000)]
  0x00000211bf1c0000 JavaThread "Cache worker for dependencies-accessors (C:\Users\Marina\AndroidStudioProjects\second\.gradle\7.4\dependencies-accessors)" [_thread_blocked, id=13292, stack(0x00000055f7a00000,0x00000055f7b00000)]
  0x00000211bf1ba800 JavaThread "Cache worker for Build Output Cleanup Cache (C:\Users\Marina\AndroidStudioProjects\second\.gradle\buildOutputCleanup)" [_thread_blocked, id=14384, stack(0x00000055f7b00000,0x00000055f7c00000)]
  0x00000211bf1bc000 JavaThread "Unconstrained build operations" [_thread_blocked, id=11992, stack(0x00000055f7d00000,0x00000055f7e00000)]
  0x00000211bf1c1000 JavaThread "Unconstrained build operations Thread 2" [_thread_blocked, id=9060, stack(0x00000055f7f00000,0x00000055f8000000)]
  0x00000211bf1bb800 JavaThread "Unconstrained build operations Thread 3" [_thread_blocked, id=4952, stack(0x00000055f8000000,0x00000055f8100000)]
  0x00000211bf1bd000 JavaThread "Unconstrained build operations Thread 4" [_thread_blocked, id=14716, stack(0x00000055f8100000,0x00000055f8200000)]
  0x00000211bf1bd800 JavaThread "Unconstrained build operations Thread 5" [_thread_blocked, id=6916, stack(0x00000055f8200000,0x00000055f8300000)]
  0x00000211c5194800 JavaThread "Unconstrained build operations Thread 6" [_thread_blocked, id=1672, stack(0x00000055f8300000,0x00000055f8400000)]
  0x00000211c5192000 JavaThread "Unconstrained build operations Thread 7" [_thread_blocked, id=4564, stack(0x00000055f8400000,0x00000055f8500000)]
  0x00000211c5196000 JavaThread "Unconstrained build operations Thread 8" [_thread_blocked, id=10540, stack(0x00000055f8500000,0x00000055f8600000)]
  0x00000211c5193800 JavaThread "Unconstrained build operations Thread 9" [_thread_blocked, id=10056, stack(0x00000055f8600000,0x00000055f8700000)]
  0x00000211c5190800 JavaThread "Unconstrained build operations Thread 10" [_thread_blocked, id=15276, stack(0x00000055f8700000,0x00000055f8800000)]
  0x00000211c5197000 JavaThread "Unconstrained build operations Thread 11" [_thread_blocked, id=14356, stack(0x00000055f8800000,0x00000055f8900000)]
  0x00000211c5191000 JavaThread "Unconstrained build operations Thread 12" [_thread_blocked, id=9956, stack(0x00000055f8900000,0x00000055f8a00000)]
  0x00000211c519b800 JavaThread "Unconstrained build operations Thread 13" [_thread_blocked, id=11920, stack(0x00000055f8a00000,0x00000055f8b00000)]
  0x00000211c5197800 JavaThread "Unconstrained build operations Thread 14" [_thread_blocked, id=5564, stack(0x00000055f8b00000,0x00000055f8c00000)]
  0x00000211c5199800 JavaThread "Unconstrained build operations Thread 15" [_thread_blocked, id=4404, stack(0x00000055f8c00000,0x00000055f8d00000)]
  0x00000211c519b000 JavaThread "Unconstrained build operations Thread 16" [_thread_blocked, id=10080, stack(0x00000055f8d00000,0x00000055f8e00000)]
  0x00000211c519c800 JavaThread "Unconstrained build operations Thread 17" [_thread_blocked, id=12304, stack(0x00000055f8e00000,0x00000055f8f00000)]
  0x00000211c519e000 JavaThread "Unconstrained build operations Thread 18" [_thread_blocked, id=1308, stack(0x00000055f8f00000,0x00000055f9000000)]
  0x00000211c519a000 JavaThread "Unconstrained build operations Thread 19" [_thread_blocked, id=11048, stack(0x00000055f9000000,0x00000055f9100000)]
  0x00000211c5198800 JavaThread "Unconstrained build operations Thread 20" [_thread_blocked, id=11072, stack(0x00000055f9100000,0x00000055f9200000)]
  0x00000211c519d800 JavaThread "Unconstrained build operations Thread 21" [_thread_blocked, id=8492, stack(0x00000055f9200000,0x00000055f9300000)]
  0x00000211c519f000 JavaThread "Unconstrained build operations Thread 22" [_thread_blocked, id=424, stack(0x00000055f9300000,0x00000055f9400000)]
  0x00000211bf8c0000 JavaThread "Unconstrained build operations Thread 23" [_thread_blocked, id=3364, stack(0x00000055f9400000,0x00000055f9500000)]
  0x00000211bf8c3800 JavaThread "Unconstrained build operations Thread 24" [_thread_blocked, id=6048, stack(0x00000055f9500000,0x00000055f9600000)]
  0x00000211bf8be800 JavaThread "Unconstrained build operations Thread 25" [_thread_blocked, id=4772, stack(0x00000055f9600000,0x00000055f9700000)]
  0x00000211bf8be000 JavaThread "Unconstrained build operations Thread 26" [_thread_blocked, id=11948, stack(0x00000055f9700000,0x00000055f9800000)]
  0x00000211bf8c4800 JavaThread "Unconstrained build operations Thread 27" [_thread_blocked, id=1656, stack(0x00000055f9800000,0x00000055f9900000)]
  0x00000211bf8c5000 JavaThread "Unconstrained build operations Thread 28" [_thread_blocked, id=10512, stack(0x00000055f9900000,0x00000055f9a00000)]
  0x00000211bf8bf800 JavaThread "Unconstrained build operations Thread 29" [_thread_blocked, id=1196, stack(0x00000055f9a00000,0x00000055f9b00000)]
  0x00000211bf8c6000 JavaThread "Unconstrained build operations Thread 30" [_thread_blocked, id=5292, stack(0x00000055f9b00000,0x00000055f9c00000)]
  0x00000211bf8c7000 JavaThread "Unconstrained build operations Thread 31" [_thread_blocked, id=10560, stack(0x00000055f9c00000,0x00000055f9d00000)]
  0x00000211bf8c7800 JavaThread "Unconstrained build operations Thread 32" [_thread_blocked, id=14176, stack(0x00000055f9d00000,0x00000055f9e00000)]
  0x00000211bf8c8800 JavaThread "Unconstrained build operations Thread 33" [_thread_blocked, id=12548, stack(0x00000055f9e00000,0x00000055f9f00000)]
  0x00000211bf8c9000 JavaThread "Unconstrained build operations Thread 34" [_thread_blocked, id=13456, stack(0x00000055f9f00000,0x00000055fa000000)]
  0x00000211bf8ca000 JavaThread "Unconstrained build operations Thread 35" [_thread_blocked, id=13296, stack(0x00000055fa000000,0x00000055fa100000)]
  0x00000211c26b2800 JavaThread "Unconstrained build operations Thread 36" [_thread_blocked, id=1088, stack(0x00000055fa100000,0x00000055fa200000)]
  0x00000211c26b3000 JavaThread "Unconstrained build operations Thread 37" [_thread_blocked, id=9668, stack(0x00000055fa200000,0x00000055fa300000)]
  0x00000211c26b1800 JavaThread "Unconstrained build operations Thread 38" [_thread_blocked, id=14428, stack(0x00000055fa300000,0x00000055fa400000)]
  0x00000211c26b0000 JavaThread "Unconstrained build operations Thread 39" [_thread_blocked, id=2932, stack(0x00000055fa400000,0x00000055fa500000)]
  0x00000211c26ae800 JavaThread "Unconstrained build operations Thread 40" [_thread_blocked, id=11056, stack(0x00000055fa500000,0x00000055fa600000)]

Other Threads:
  0x00000211bb329800 VMThread "VM Thread" [stack: 0x00000055f5700000,0x00000055f5800000] [id=2820]
  0x00000211bbe46000 WatcherThread [stack: 0x00000055f6100000,0x00000055f6200000] [id=6184]
  0x000002119f7f3800 GCTaskThread "GC Thread#0" [stack: 0x00000055f5200000,0x00000055f5300000] [id=9392]
  0x00000211bc788800 GCTaskThread "GC Thread#1" [stack: 0x00000055f6300000,0x00000055f6400000] [id=2540]
  0x00000211bca48800 GCTaskThread "GC Thread#2" [stack: 0x00000055f6400000,0x00000055f6500000] [id=1500]
  0x00000211be2a2000 GCTaskThread "GC Thread#3" [stack: 0x00000055f6700000,0x00000055f6800000] [id=8116]
  0x000002119f825800 ConcurrentGCThread "G1 Main Marker" [stack: 0x00000055f5300000,0x00000055f5400000] [id=2088]
=>0x000002119f827000 ConcurrentGCThread "G1 Conc#0" [stack: 0x00000055f5400000,0x00000055f5500000] [id=5104]
  0x00000211bb180800 ConcurrentGCThread "G1 Refine#0" [stack: 0x00000055f5500000,0x00000055f5600000] [id=8436]
  0x00000211bb181800 ConcurrentGCThread "G1 Young RemSet Sampling" [stack: 0x00000055f5600000,0x00000055f5700000] [id=1132]

Threads with active compile tasks:
C2 CompilerThread06211815 13868   !   4       java.lang.reflect.Executable::sharedToGenericString (321 bytes)
C2 CompilerThread16211815 14153       4       java.util.HashSet::iterator (13 bytes)

VM state:not at safepoint (normal execution)

VM Mutex/Monitor currently owned by a thread: None

Heap address: 0x0000000080000000, size: 2048 MB, Compressed Oops mode: 32-bit
Narrow klass base: 0x0000000000000000, Narrow klass shift: 3
Compressed class space size: 1073741824 Address: 0x0000000100000000

Heap:
 garbage-first heap   total 225280K, used 152814K [0x0000000080000000, 0x0000000100000000)
  region size 1024K, 15 young (15360K), 5 survivors (5120K)
 Metaspace       used 111335K, capacity 114099K, committed 114688K, reserved 1148928K
  class space    used 14149K, capacity 15163K, committed 15360K, reserved 1048576K
Heap Regions: E=young(eden), S=young(survivor), O=old, HS=humongous(starts), HC=humongous(continues), CS=collection set, F=free, A=archive, TAMS=top-at-mark-start (previous, next)
|   0|0x0000000080000000, 0x0000000080100000, 0x0000000080100000|100%|HS|  |TAMS 0x0000000080100000, 0x0000000080100000| Complete 
|   1|0x0000000080100000, 0x0000000080200000, 0x0000000080200000|100%|HC|  |TAMS 0x0000000080200000, 0x0000000080200000| Complete 
|   2|0x0000000080200000, 0x0000000080300000, 0x0000000080300000|100%|HC|  |TAMS 0x0000000080300000, 0x0000000080300000| Complete 
|   3|0x0000000080300000, 0x0000000080400000, 0x0000000080400000|100%| O|  |TAMS 0x0000000080400000, 0x0000000080400000| Untracked 
|   4|0x0000000080400000, 0x0000000080500000, 0x0000000080500000|100%| O|  |TAMS 0x0000000080500000, 0x0000000080500000| Untracked 
|   5|0x0000000080500000, 0x0000000080600000, 0x0000000080600000|100%| O|  |TAMS 0x0000000080600000, 0x0000000080600000| Untracked 
|   6|0x0000000080600000, 0x0000000080700000, 0x0000000080700000|100%| O|  |TAMS 0x0000000080700000, 0x0000000080700000| Untracked 
|   7|0x0000000080700000, 0x0000000080800000, 0x0000000080800000|100%| O|  |TAMS 0x0000000080800000, 0x0000000080800000| Untracked 
|   8|0x0000000080800000, 0x0000000080900000, 0x0000000080900000|100%| O|  |TAMS 0x0000000080900000, 0x0000000080900000| Untracked 
|   9|0x0000000080900000, 0x0000000080a00000, 0x0000000080a00000|100%| O|  |TAMS 0x0000000080a00000, 0x0000000080a00000| Untracked 
|  10|0x0000000080a00000, 0x0000000080a00000, 0x0000000080b00000|  0%| F|  |TAMS 0x0000000080a00000, 0x0000000080a00000| Untracked 
|  11|0x0000000080b00000, 0x0000000080c00000, 0x0000000080c00000|100%| O|  |TAMS 0x0000000080c00000, 0x0000000080c00000| Untracked 
|  12|0x0000000080c00000, 0x0000000080d00000, 0x0000000080d00000|100%| O|  |TAMS 0x0000000080d00000, 0x0000000080d00000| Untracked 
|  13|0x0000000080d00000, 0x0000000080e00000, 0x0000000080e00000|100%| O|  |TAMS 0x0000000080e00000, 0x0000000080e00000| Untracked 
|  14|0x0000000080e00000, 0x0000000080f00000, 0x0000000080f00000|100%| O|  |TAMS 0x0000000080f00000, 0x0000000080f00000| Untracked 
|  15|0x0000000080f00000, 0x0000000081000000, 0x0000000081000000|100%|HS|  |TAMS 0x0000000081000000, 0x0000000081000000| Complete 
|  16|0x0000000081000000, 0x0000000081100000, 0x0000000081100000|100%|HC|  |TAMS 0x0000000081100000, 0x0000000081100000| Complete 
|  17|0x0000000081100000, 0x0000000081200000, 0x0000000081200000|100%|HC|  |TAMS 0x0000000081200000, 0x0000000081200000| Complete 
|  18|0x0000000081200000, 0x0000000081300000, 0x0000000081300000|100%|HC|  |TAMS 0x0000000081300000, 0x0000000081300000| Complete 
|  19|0x0000000081300000, 0x0000000081400000, 0x0000000081400000|100%|HC|  |TAMS 0x0000000081400000, 0x0000000081400000| Complete 
|  20|0x0000000081400000, 0x0000000081500000, 0x0000000081500000|100%|HS|  |TAMS 0x0000000081500000, 0x0000000081500000| Complete 
|  21|0x0000000081500000, 0x0000000081600000, 0x0000000081600000|100%|HS|  |TAMS 0x0000000081600000, 0x0000000081600000| Complete 
|  22|0x0000000081600000, 0x0000000081700000, 0x0000000081700000|100%|HC|  |TAMS 0x0000000081700000, 0x0000000081700000| Complete 
|  23|0x0000000081700000, 0x0000000081800000, 0x0000000081800000|100%|HS|  |TAMS 0x0000000081800000, 0x0000000081800000| Complete 
|  24|0x0000000081800000, 0x0000000081900000, 0x0000000081900000|100%|HC|  |TAMS 0x0000000081900000, 0x0000000081900000| Complete 
|  25|0x0000000081900000, 0x0000000081a00000, 0x0000000081a00000|100%|HC|  |TAMS 0x0000000081a00000, 0x0000000081a00000| Complete 
|  26|0x0000000081a00000, 0x0000000081b00000, 0x0000000081b00000|100%|HS|  |TAMS 0x0000000081b00000, 0x0000000081b00000| Complete 
|  27|0x0000000081b00000, 0x0000000081c00000, 0x0000000081c00000|100%|HC|  |TAMS 0x0000000081c00000, 0x0000000081c00000| Complete 
|  28|0x0000000081c00000, 0x0000000081d00000, 0x0000000081d00000|100%|HC|  |TAMS 0x0000000081d00000, 0x0000000081d00000| Complete 
|  29|0x0000000081d00000, 0x0000000081e00000, 0x0000000081e00000|100%| O|  |TAMS 0x0000000081e00000, 0x0000000081e00000| Untracked 
|  30|0x0000000081e00000, 0x0000000081f00000, 0x0000000081f00000|100%| O|  |TAMS 0x0000000081f00000, 0x0000000081f00000| Untracked 
|  31|0x0000000081f00000, 0x0000000082000000, 0x0000000082000000|100%| O|  |TAMS 0x0000000082000000, 0x0000000082000000| Untracked 
|  32|0x0000000082000000, 0x0000000082100000, 0x0000000082100000|100%| O|  |TAMS 0x0000000082100000, 0x0000000082100000| Untracked 
|  33|0x0000000082100000, 0x0000000082200000, 0x0000000082200000|100%| O|  |TAMS 0x0000000082200000, 0x0000000082200000| Untracked 
|  34|0x0000000082200000, 0x0000000082300000, 0x0000000082300000|100%| O|  |TAMS 0x0000000082300000, 0x0000000082300000| Untracked 
|  35|0x0000000082300000, 0x0000000082400000, 0x0000000082400000|100%| O|  |TAMS 0x0000000082400000, 0x0000000082400000| Untracked 
|  36|0x0000000082400000, 0x0000000082500000, 0x0000000082500000|100%| O|  |TAMS 0x0000000082500000, 0x0000000082500000| Untracked 
|  37|0x0000000082500000, 0x0000000082600000, 0x0000000082600000|100%| O|  |TAMS 0x0000000082600000, 0x0000000082600000| Untracked 
|  38|0x0000000082600000, 0x0000000082700000, 0x0000000082700000|100%| O|  |TAMS 0x0000000082700000, 0x0000000082700000| Untracked 
|  39|0x0000000082700000, 0x0000000082800000, 0x0000000082800000|100%|HS|  |TAMS 0x0000000082800000, 0x0000000082800000| Complete 
|  40|0x0000000082800000, 0x0000000082900000, 0x0000000082900000|100%|HC|  |TAMS 0x0000000082900000, 0x0000000082900000| Complete 
|  41|0x0000000082900000, 0x0000000082a00000, 0x0000000082a00000|100%|HC|  |TAMS 0x0000000082a00000, 0x0000000082a00000| Complete 
|  42|0x0000000082a00000, 0x0000000082b00000, 0x0000000082b00000|100%|HC|  |TAMS 0x0000000082b00000, 0x0000000082b00000| Complete 
|  43|0x0000000082b00000, 0x0000000082c00000, 0x0000000082c00000|100%|HS|  |TAMS 0x0000000082c00000, 0x0000000082c00000| Complete 
|  44|0x0000000082c00000, 0x0000000082d00000, 0x0000000082d00000|100%|HC|  |TAMS 0x0000000082d00000, 0x0000000082d00000| Complete 
|  45|0x0000000082d00000, 0x0000000082e00000, 0x0000000082e00000|100%|HC|  |TAMS 0x0000000082e00000, 0x0000000082e00000| Complete 
|  46|0x0000000082e00000, 0x0000000082f00000, 0x0000000082f00000|100%|HS|  |TAMS 0x0000000082f00000, 0x0000000082f00000| Complete 
|  47|0x0000000082f00000, 0x0000000083000000, 0x0000000083000000|100%|HC|  |TAMS 0x0000000083000000, 0x0000000083000000| Complete 
|  48|0x0000000083000000, 0x0000000083100000, 0x0000000083100000|100%|HS|  |TAMS 0x0000000083100000, 0x0000000083100000| Complete 
|  49|0x0000000083100000, 0x0000000083200000, 0x0000000083200000|100%|HC|  |TAMS 0x0000000083200000, 0x0000000083200000| Complete 
|  50|0x0000000083200000, 0x0000000083300000, 0x0000000083300000|100%|HC|  |TAMS 0x0000000083300000, 0x0000000083300000| Complete 
|  51|0x0000000083300000, 0x0000000083400000, 0x0000000083400000|100%| O|  |TAMS 0x0000000083400000, 0x0000000083400000| Untracked 
|  52|0x0000000083400000, 0x0000000083500000, 0x0000000083500000|100%| O|  |TAMS 0x0000000083500000, 0x0000000083500000| Untracked 
|  53|0x0000000083500000, 0x0000000083600000, 0x0000000083600000|100%| O|  |TAMS 0x0000000083600000, 0x0000000083600000| Untracked 
|  54|0x0000000083600000, 0x0000000083700000, 0x0000000083700000|100%| O|  |TAMS 0x0000000083700000, 0x0000000083700000| Untracked 
|  55|0x0000000083700000, 0x0000000083800000, 0x0000000083800000|100%| O|  |TAMS 0x0000000083800000, 0x0000000083800000| Untracked 
|  56|0x0000000083800000, 0x0000000083900000, 0x0000000083900000|100%| O|  |TAMS 0x0000000083900000, 0x0000000083900000| Untracked 
|  57|0x0000000083900000, 0x0000000083a00000, 0x0000000083a00000|100%| O|  |TAMS 0x0000000083a00000, 0x0000000083a00000| Untracked 
|  58|0x0000000083a00000, 0x0000000083b00000, 0x0000000083b00000|100%| O|  |TAMS 0x0000000083b00000, 0x0000000083b00000| Untracked 
|  59|0x0000000083b00000, 0x0000000083c00000, 0x0000000083c00000|100%| O|  |TAMS 0x0000000083c00000, 0x0000000083c00000| Untracked 
|  60|0x0000000083c00000, 0x0000000083c00000, 0x0000000083d00000|  0%| F|  |TAMS 0x0000000083c00000, 0x0000000083c00000| Untracked 
|  61|0x0000000083d00000, 0x0000000083e00000, 0x0000000083e00000|100%|HS|  |TAMS 0x0000000083e00000, 0x0000000083e00000| Complete 
|  62|0x0000000083e00000, 0x0000000083f00000, 0x0000000083f00000|100%|HC|  |TAMS 0x0000000083f00000, 0x0000000083f00000| Complete 
|  63|0x0000000083f00000, 0x0000000084000000, 0x0000000084000000|100%|HC|  |TAMS 0x0000000084000000, 0x0000000084000000| Complete 
|  64|0x0000000084000000, 0x0000000084100000, 0x0000000084100000|100%|HC|  |TAMS 0x0000000084100000, 0x0000000084100000| Complete 
|  65|0x0000000084100000, 0x0000000084200000, 0x0000000084200000|100%|HC|  |TAMS 0x0000000084200000, 0x0000000084200000| Complete 
|  66|0x0000000084200000, 0x0000000084300000, 0x0000000084300000|100%| O|  |TAMS 0x0000000084300000, 0x0000000084300000| Untracked 
|  67|0x0000000084300000, 0x0000000084400000, 0x0000000084400000|100%| O|  |TAMS 0x0000000084400000, 0x0000000084400000| Untracked 
|  68|0x0000000084400000, 0x0000000084500000, 0x0000000084500000|100%| O|  |TAMS 0x0000000084500000, 0x0000000084500000| Untracked 
|  69|0x0000000084500000, 0x0000000084600000, 0x0000000084600000|100%| O|  |TAMS 0x0000000084600000, 0x0000000084600000| Untracked 
|  70|0x0000000084600000, 0x0000000084700000, 0x0000000084700000|100%| O|  |TAMS 0x0000000084700000, 0x0000000084700000| Untracked 
|  71|0x0000000084700000, 0x0000000084800000, 0x0000000084800000|100%|HS|  |TAMS 0x0000000084800000, 0x0000000084800000| Complete 
|  72|0x0000000084800000, 0x0000000084900000, 0x0000000084900000|100%|HS|  |TAMS 0x0000000084900000, 0x0000000084900000| Complete 
|  73|0x0000000084900000, 0x0000000084a00000, 0x0000000084a00000|100%| O|  |TAMS 0x0000000084a00000, 0x0000000084a00000| Untracked 
|  74|0x0000000084a00000, 0x0000000084b00000, 0x0000000084b00000|100%| O|  |TAMS 0x0000000084b00000, 0x0000000084b00000| Untracked 
|  75|0x0000000084b00000, 0x0000000084c00000, 0x0000000084c00000|100%| O|  |TAMS 0x0000000084c00000, 0x0000000084c00000| Untracked 
|  76|0x0000000084c00000, 0x0000000084d00000, 0x0000000084d00000|100%| O|  |TAMS 0x0000000084d00000, 0x0000000084d00000| Untracked 
|  77|0x0000000084d00000, 0x0000000084e00000, 0x0000000084e00000|100%|HS|  |TAMS 0x0000000084e00000, 0x0000000084e00000| Complete 
|  78|0x0000000084e00000, 0x0000000084f00000, 0x0000000084f00000|100%|HS|  |TAMS 0x0000000084f00000, 0x0000000084f00000| Complete 
|  79|0x0000000084f00000, 0x0000000085000000, 0x0000000085000000|100%|HC|  |TAMS 0x0000000085000000, 0x0000000085000000| Complete 
|  80|0x0000000085000000, 0x0000000085100000, 0x0000000085100000|100%|HC|  |TAMS 0x0000000085100000, 0x0000000085100000| Complete 
|  81|0x0000000085100000, 0x0000000085200000, 0x0000000085200000|100%|HC|  |TAMS 0x0000000085200000, 0x0000000085200000| Complete 
|  82|0x0000000085200000, 0x0000000085300000, 0x0000000085300000|100%| O|  |TAMS 0x0000000085300000, 0x0000000085300000| Untracked 
|  83|0x0000000085300000, 0x0000000085400000, 0x0000000085400000|100%| O|  |TAMS 0x0000000085400000, 0x0000000085400000| Untracked 
|  84|0x0000000085400000, 0x0000000085500000, 0x0000000085500000|100%| O|  |TAMS 0x0000000085500000, 0x0000000085500000| Untracked 
|  85|0x0000000085500000, 0x0000000085600000, 0x0000000085600000|100%| O|  |TAMS 0x0000000085600000, 0x0000000085600000| Untracked 
|  86|0x0000000085600000, 0x0000000085700000, 0x0000000085700000|100%| O|  |TAMS 0x0000000085700000, 0x0000000085700000| Untracked 
|  87|0x0000000085700000, 0x0000000085700000, 0x0000000085800000|  0%| F|  |TAMS 0x0000000085700000, 0x0000000085700000| Untracked 
|  88|0x0000000085800000, 0x0000000085900000, 0x0000000085900000|100%| O|  |TAMS 0x0000000085900000, 0x0000000085900000| Untracked 
|  89|0x0000000085900000, 0x0000000085a00000, 0x0000000085a00000|100%| O|  |TAMS 0x0000000085a00000, 0x0000000085a00000| Untracked 
|  90|0x0000000085a00000, 0x0000000085b00000, 0x0000000085b00000|100%|HS|  |TAMS 0x0000000085b00000, 0x0000000085b00000| Complete 
|  91|0x0000000085b00000, 0x0000000085c00000, 0x0000000085c00000|100%|HC|  |TAMS 0x0000000085c00000, 0x0000000085c00000| Complete 
|  92|0x0000000085c00000, 0x0000000085d00000, 0x0000000085d00000|100%| O|  |TAMS 0x0000000085d00000, 0x0000000085d00000| Untracked 
|  93|0x0000000085d00000, 0x0000000085d00000, 0x0000000085e00000|  0%| F|  |TAMS 0x0000000085d00000, 0x0000000085d00000| Untracked 
|  94|0x0000000085e00000, 0x0000000085e00000, 0x0000000085f00000|  0%| F|  |TAMS 0x0000000085e00000, 0x0000000085e00000| Untracked 
|  95|0x0000000085f00000, 0x0000000085f00000, 0x0000000086000000|  0%| F|  |TAMS 0x0000000085f00000, 0x0000000085f00000| Untracked 
|  96|0x0000000086000000, 0x0000000086100000, 0x0000000086100000|100%| O|  |TAMS 0x0000000086100000, 0x0000000086100000| Untracked 
|  97|0x0000000086100000, 0x0000000086200000, 0x0000000086200000|100%| O|  |TAMS 0x0000000086200000, 0x0000000086200000| Untracked 
|  98|0x0000000086200000, 0x0000000086300000, 0x0000000086300000|100%| O|  |TAMS 0x0000000086300000, 0x0000000086300000| Untracked 
|  99|0x0000000086300000, 0x0000000086400000, 0x0000000086400000|100%| O|  |TAMS 0x0000000086400000, 0x0000000086400000| Untracked 
| 100|0x0000000086400000, 0x0000000086500000, 0x0000000086500000|100%| O|  |TAMS 0x0000000086500000, 0x0000000086500000| Untracked 
| 101|0x0000000086500000, 0x0000000086600000, 0x0000000086600000|100%| O|  |TAMS 0x0000000086600000, 0x0000000086600000| Untracked 
| 102|0x0000000086600000, 0x0000000086600000, 0x0000000086700000|  0%| F|  |TAMS 0x0000000086600000, 0x0000000086600000| Untracked 
| 103|0x0000000086700000, 0x0000000086800000, 0x0000000086800000|100%| O|  |TAMS 0x0000000086800000, 0x0000000086800000| Untracked 
| 104|0x0000000086800000, 0x0000000086900000, 0x0000000086900000|100%| O|  |TAMS 0x0000000086900000, 0x0000000086900000| Untracked 
| 105|0x0000000086900000, 0x0000000086a00000, 0x0000000086a00000|100%| O|  |TAMS 0x0000000086a00000, 0x0000000086a00000| Untracked 
| 106|0x0000000086a00000, 0x0000000086b00000, 0x0000000086b00000|100%|HS|  |TAMS 0x0000000086b00000, 0x0000000086b00000| Complete 
| 107|0x0000000086b00000, 0x0000000086c00000, 0x0000000086c00000|100%|HC|  |TAMS 0x0000000086c00000, 0x0000000086c00000| Complete 
| 108|0x0000000086c00000, 0x0000000086d00000, 0x0000000086d00000|100%|HC|  |TAMS 0x0000000086d00000, 0x0000000086d00000| Complete 
| 109|0x0000000086d00000, 0x0000000086e00000, 0x0000000086e00000|100%|HC|  |TAMS 0x0000000086e00000, 0x0000000086e00000| Complete 
| 110|0x0000000086e00000, 0x0000000086f00000, 0x0000000086f00000|100%|HC|  |TAMS 0x0000000086f00000, 0x0000000086f00000| Complete 
| 111|0x0000000086f00000, 0x0000000087000000, 0x0000000087000000|100%|HS|  |TAMS 0x0000000087000000, 0x0000000087000000| Complete 
| 112|0x0000000087000000, 0x0000000087100000, 0x0000000087100000|100%|HS|  |TAMS 0x0000000087100000, 0x0000000087100000| Complete 
| 113|0x0000000087100000, 0x0000000087200000, 0x0000000087200000|100%|HC|  |TAMS 0x0000000087200000, 0x0000000087200000| Complete 
| 114|0x0000000087200000, 0x0000000087300000, 0x0000000087300000|100%|HC|  |TAMS 0x0000000087300000, 0x0000000087300000| Complete 
| 115|0x0000000087300000, 0x0000000087400000, 0x0000000087400000|100%|HC|  |TAMS 0x0000000087400000, 0x0000000087400000| Complete 
| 116|0x0000000087400000, 0x0000000087500000, 0x0000000087500000|100%| O|  |TAMS 0x0000000087500000, 0x0000000087500000| Untracked 
| 117|0x0000000087500000, 0x0000000087600000, 0x0000000087600000|100%| O|  |TAMS 0x0000000087600000, 0x0000000087600000| Untracked 
| 118|0x0000000087600000, 0x0000000087700000, 0x0000000087700000|100%| O|  |TAMS 0x0000000087700000, 0x0000000087700000| Untracked 
| 119|0x0000000087700000, 0x0000000087800000, 0x0000000087800000|100%| O|  |TAMS 0x0000000087800000, 0x0000000087800000| Untracked 
| 120|0x0000000087800000, 0x0000000087900000, 0x0000000087900000|100%| O|  |TAMS 0x0000000087900000, 0x0000000087900000| Untracked 
| 121|0x0000000087900000, 0x0000000087a00000, 0x0000000087a00000|100%| O|  |TAMS 0x0000000087a00000, 0x0000000087a00000| Untracked 
| 122|0x0000000087a00000, 0x0000000087b00000, 0x0000000087b00000|100%| O|  |TAMS 0x0000000087b00000, 0x0000000087b00000| Untracked 
| 123|0x0000000087b00000, 0x0000000087c00000, 0x0000000087c00000|100%| O|  |TAMS 0x0000000087c00000, 0x0000000087c00000| Untracked 
| 124|0x0000000087c00000, 0x0000000087d00000, 0x0000000087d00000|100%| O|  |TAMS 0x0000000087d00000, 0x0000000087d00000| Untracked 
| 125|0x0000000087d00000, 0x0000000087e00000, 0x0000000087e00000|100%| O|  |TAMS 0x0000000087e00000, 0x0000000087e00000| Untracked 
| 126|0x0000000087e00000, 0x0000000087f00000, 0x0000000087f00000|100%| O|  |TAMS 0x0000000087f00000, 0x0000000087f00000| Untracked 
| 127|0x0000000087f00000, 0x0000000088000000, 0x0000000088000000|100%| O|  |TAMS 0x0000000088000000, 0x0000000088000000| Untracked 
| 128|0x0000000088000000, 0x0000000088100000, 0x0000000088100000|100%| O|  |TAMS 0x0000000088100000, 0x0000000088100000| Untracked 
| 129|0x0000000088100000, 0x0000000088200000, 0x0000000088200000|100%| O|  |TAMS 0x0000000088200000, 0x0000000088200000| Untracked 
| 130|0x0000000088200000, 0x0000000088300000, 0x0000000088300000|100%| O|  |TAMS 0x0000000088300000, 0x0000000088300000| Untracked 
| 131|0x0000000088300000, 0x0000000088400000, 0x0000000088400000|100%| O|  |TAMS 0x0000000088400000, 0x0000000088400000| Untracked 
| 132|0x0000000088400000, 0x0000000088500000, 0x0000000088500000|100%| O|  |TAMS 0x0000000088500000, 0x0000000088500000| Untracked 
| 133|0x0000000088500000, 0x0000000088600000, 0x0000000088600000|100%| O|  |TAMS 0x0000000088600000, 0x0000000088600000| Untracked 
| 134|0x0000000088600000, 0x0000000088700000, 0x0000000088700000|100%| O|  |TAMS 0x0000000088700000, 0x0000000088700000| Untracked 
| 135|0x0000000088700000, 0x0000000088800000, 0x0000000088800000|100%| O|  |TAMS 0x0000000088800000, 0x0000000088800000| Untracked 
| 136|0x0000000088800000, 0x0000000088900000, 0x0000000088900000|100%| O|  |TAMS 0x0000000088900000, 0x0000000088900000| Untracked 
| 137|0x0000000088900000, 0x0000000088a00000, 0x0000000088a00000|100%| O|  |TAMS 0x0000000088a00000, 0x0000000088a00000| Untracked 
| 138|0x0000000088a00000, 0x0000000088b00000, 0x0000000088b00000|100%| O|  |TAMS 0x0000000088b00000, 0x0000000088b00000| Untracked 
| 139|0x0000000088b00000, 0x0000000088b00000, 0x0000000088c00000|  0%| F|  |TAMS 0x0000000088b00000, 0x0000000088b00000| Untracked 
| 140|0x0000000088c00000, 0x0000000088c00000, 0x0000000088d00000|  0%| F|  |TAMS 0x0000000088c00000, 0x0000000088c00000| Untracked 
| 141|0x0000000088d00000, 0x0000000088e00000, 0x0000000088e00000|100%| O|  |TAMS 0x0000000088d3ca00, 0x0000000088e00000| Untracked 
| 142|0x0000000088e00000, 0x0000000088f00000, 0x0000000088f00000|100%| O|  |TAMS 0x0000000088e00000, 0x0000000088f00000| Untracked 
| 143|0x0000000088f00000, 0x0000000089000000, 0x0000000089000000|100%| O|  |TAMS 0x0000000088f00000, 0x0000000089000000| Untracked 
| 144|0x0000000089000000, 0x0000000089100000, 0x0000000089100000|100%| O|  |TAMS 0x0000000089000000, 0x0000000089100000| Untracked 
| 145|0x0000000089100000, 0x0000000089200000, 0x0000000089200000|100%| O|  |TAMS 0x0000000089100000, 0x0000000089200000| Untracked 
| 146|0x0000000089200000, 0x0000000089200c00, 0x0000000089300000|  0%| O|  |TAMS 0x0000000089200000, 0x0000000089200c00| Untracked 
| 147|0x0000000089300000, 0x0000000089300000, 0x0000000089400000|  0%| F|  |TAMS 0x0000000089300000, 0x0000000089300000| Untracked 
| 148|0x0000000089400000, 0x0000000089400000, 0x0000000089500000|  0%| F|  |TAMS 0x0000000089400000, 0x0000000089400000| Untracked 
| 149|0x0000000089500000, 0x0000000089500000, 0x0000000089600000|  0%| F|  |TAMS 0x0000000089500000, 0x0000000089500000| Untracked 
| 150|0x0000000089600000, 0x0000000089600000, 0x0000000089700000|  0%| F|  |TAMS 0x0000000089600000, 0x0000000089600000| Untracked 
| 151|0x0000000089700000, 0x0000000089700000, 0x0000000089800000|  0%| F|  |TAMS 0x0000000089700000, 0x0000000089700000| Untracked 
| 152|0x0000000089800000, 0x0000000089800000, 0x0000000089900000|  0%| F|  |TAMS 0x0000000089800000, 0x0000000089800000| Untracked 
| 153|0x0000000089900000, 0x0000000089900000, 0x0000000089a00000|  0%| F|  |TAMS 0x0000000089900000, 0x0000000089900000| Untracked 
| 154|0x0000000089a00000, 0x0000000089a00000, 0x0000000089b00000|  0%| F|  |TAMS 0x0000000089a00000, 0x0000000089a00000| Untracked 
| 155|0x0000000089b00000, 0x0000000089b00000, 0x0000000089c00000|  0%| F|  |TAMS 0x0000000089b00000, 0x0000000089b00000| Untracked 
| 156|0x0000000089c00000, 0x0000000089c00000, 0x0000000089d00000|  0%| F|  |TAMS 0x0000000089c00000, 0x0000000089c00000| Untracked 
| 157|0x0000000089d00000, 0x0000000089d00000, 0x0000000089e00000|  0%| F|  |TAMS 0x0000000089d00000, 0x0000000089d00000| Untracked 
| 158|0x0000000089e00000, 0x0000000089e00000, 0x0000000089f00000|  0%| F|  |TAMS 0x0000000089e00000, 0x0000000089e00000| Untracked 
| 159|0x0000000089f00000, 0x0000000089f00000, 0x000000008a000000|  0%| F|  |TAMS 0x0000000089f00000, 0x0000000089f00000| Untracked 
| 160|0x000000008a000000, 0x000000008a000000, 0x000000008a100000|  0%| F|  |TAMS 0x000000008a000000, 0x000000008a000000| Untracked 
| 161|0x000000008a100000, 0x000000008a100000, 0x000000008a200000|  0%| F|  |TAMS 0x000000008a100000, 0x000000008a100000| Untracked 
| 162|0x000000008a200000, 0x000000008a200000, 0x000000008a300000|  0%| F|  |TAMS 0x000000008a200000, 0x000000008a200000| Untracked 
| 163|0x000000008a300000, 0x000000008a300000, 0x000000008a400000|  0%| F|  |TAMS 0x000000008a300000, 0x000000008a300000| Untracked 
| 164|0x000000008a400000, 0x000000008a400000, 0x000000008a500000|  0%| F|  |TAMS 0x000000008a400000, 0x000000008a400000| Untracked 
| 165|0x000000008a500000, 0x000000008a500000, 0x000000008a600000|  0%| F|  |TAMS 0x000000008a500000, 0x000000008a500000| Untracked 
| 166|0x000000008a600000, 0x000000008a600000, 0x000000008a700000|  0%| F|  |TAMS 0x000000008a600000, 0x000000008a600000| Untracked 
| 167|0x000000008a700000, 0x000000008a73ace0, 0x000000008a800000| 22%| S|CS|TAMS 0x000000008a700000, 0x000000008a700000| Complete 
| 168|0x000000008a800000, 0x000000008a900000, 0x000000008a900000|100%| S|CS|TAMS 0x000000008a800000, 0x000000008a800000| Complete 
| 169|0x000000008a900000, 0x000000008aa00000, 0x000000008aa00000|100%| S|CS|TAMS 0x000000008a900000, 0x000000008a900000| Complete 
| 170|0x000000008aa00000, 0x000000008ab00000, 0x000000008ab00000|100%| S|CS|TAMS 0x000000008aa00000, 0x000000008aa00000| Complete 
| 171|0x000000008ab00000, 0x000000008ac00000, 0x000000008ac00000|100%| S|CS|TAMS 0x000000008ab00000, 0x000000008ab00000| Complete 
| 172|0x000000008ac00000, 0x000000008ac00000, 0x000000008ad00000|  0%| F|  |TAMS 0x000000008ac00000, 0x000000008ac00000| Untracked 
| 173|0x000000008ad00000, 0x000000008ad00000, 0x000000008ae00000|  0%| F|  |TAMS 0x000000008ad00000, 0x000000008ad00000| Untracked 
| 174|0x000000008ae00000, 0x000000008ae00000, 0x000000008af00000|  0%| F|  |TAMS 0x000000008ae00000, 0x000000008ae00000| Untracked 
| 175|0x000000008af00000, 0x000000008af00000, 0x000000008b000000|  0%| F|  |TAMS 0x000000008af00000, 0x000000008af00000| Untracked 
| 176|0x000000008b000000, 0x000000008b000000, 0x000000008b100000|  0%| F|  |TAMS 0x000000008b000000, 0x000000008b000000| Untracked 
| 177|0x000000008b100000, 0x000000008b100000, 0x000000008b200000|  0%| F|  |TAMS 0x000000008b100000, 0x000000008b100000| Untracked 
| 178|0x000000008b200000, 0x000000008b200000, 0x000000008b300000|  0%| F|  |TAMS 0x000000008b200000, 0x000000008b200000| Untracked 
| 179|0x000000008b300000, 0x000000008b300000, 0x000000008b400000|  0%| F|  |TAMS 0x000000008b300000, 0x000000008b300000| Untracked 
| 180|0x000000008b400000, 0x000000008b400000, 0x000000008b500000|  0%| F|  |TAMS 0x000000008b400000, 0x000000008b400000| Untracked 
| 181|0x000000008b500000, 0x000000008b500000, 0x000000008b600000|  0%| F|  |TAMS 0x000000008b500000, 0x000000008b500000| Untracked 
| 182|0x000000008b600000, 0x000000008b600000, 0x000000008b700000|  0%| F|  |TAMS 0x000000008b600000, 0x000000008b600000| Untracked 
| 183|0x000000008b700000, 0x000000008b700000, 0x000000008b800000|  0%| F|  |TAMS 0x000000008b700000, 0x000000008b700000| Untracked 
| 184|0x000000008b800000, 0x000000008b800000, 0x000000008b900000|  0%| F|  |TAMS 0x000000008b800000, 0x000000008b800000| Untracked 
| 185|0x000000008b900000, 0x000000008b900000, 0x000000008ba00000|  0%| F|  |TAMS 0x000000008b900000, 0x000000008b900000| Untracked 
| 186|0x000000008ba00000, 0x000000008ba00000, 0x000000008bb00000|  0%| F|  |TAMS 0x000000008ba00000, 0x000000008ba00000| Untracked 
| 187|0x000000008bb00000, 0x000000008bb00000, 0x000000008bc00000|  0%| F|  |TAMS 0x000000008bb00000, 0x000000008bb00000| Untracked 
| 188|0x000000008bc00000, 0x000000008bc00000, 0x000000008bd00000|  0%| F|  |TAMS 0x000000008bc00000, 0x000000008bc00000| Untracked 
| 189|0x000000008bd00000, 0x000000008bd00000, 0x000000008be00000|  0%| F|  |TAMS 0x000000008bd00000, 0x000000008bd00000| Untracked 
| 190|0x000000008be00000, 0x000000008be00000, 0x000000008bf00000|  0%| F|  |TAMS 0x000000008be00000, 0x000000008be00000| Untracked 
| 191|0x000000008bf00000, 0x000000008bf00000, 0x000000008c000000|  0%| F|  |TAMS 0x000000008bf00000, 0x000000008bf00000| Untracked 
| 192|0x000000008c000000, 0x000000008c000000, 0x000000008c100000|  0%| F|  |TAMS 0x000000008c000000, 0x000000008c000000| Untracked 
| 193|0x000000008c100000, 0x000000008c100000, 0x000000008c200000|  0%| F|  |TAMS 0x000000008c100000, 0x000000008c100000| Untracked 
| 194|0x000000008c200000, 0x000000008c200000, 0x000000008c300000|  0%| F|  |TAMS 0x000000008c200000, 0x000000008c200000| Untracked 
| 195|0x000000008c300000, 0x000000008c300000, 0x000000008c400000|  0%| F|  |TAMS 0x000000008c300000, 0x000000008c300000| Untracked 
| 196|0x000000008c400000, 0x000000008c400000, 0x000000008c500000|  0%| F|  |TAMS 0x000000008c400000, 0x000000008c400000| Untracked 
| 197|0x000000008c500000, 0x000000008c500000, 0x000000008c600000|  0%| F|  |TAMS 0x000000008c500000, 0x000000008c500000| Untracked 
| 198|0x000000008c600000, 0x000000008c600000, 0x000000008c700000|  0%| F|  |TAMS 0x000000008c600000, 0x000000008c600000| Untracked 
| 199|0x000000008c700000, 0x000000008c700000, 0x000000008c800000|  0%| F|  |TAMS 0x000000008c700000, 0x000000008c700000| Untracked 
| 200|0x000000008c800000, 0x000000008c800000, 0x000000008c900000|  0%| F|  |TAMS 0x000000008c800000, 0x000000008c800000| Untracked 
| 201|0x000000008c900000, 0x000000008c900000, 0x000000008ca00000|  0%| F|  |TAMS 0x000000008c900000, 0x000000008c900000| Untracked 
| 202|0x000000008ca00000, 0x000000008ca00000, 0x000000008cb00000|  0%| F|  |TAMS 0x000000008ca00000, 0x000000008ca00000| Untracked 
| 203|0x000000008cb00000, 0x000000008cb00000, 0x000000008cc00000|  0%| F|  |TAMS 0x000000008cb00000, 0x000000008cb00000| Untracked 
| 204|0x000000008cc00000, 0x000000008cc00000, 0x000000008cd00000|  0%| F|  |TAMS 0x000000008cc00000, 0x000000008cc00000| Untracked 
| 205|0x000000008cd00000, 0x000000008cd00000, 0x000000008ce00000|  0%| F|  |TAMS 0x000000008cd00000, 0x000000008cd00000| Untracked 
| 206|0x000000008ce00000, 0x000000008ce00000, 0x000000008cf00000|  0%| F|  |TAMS 0x000000008ce00000, 0x000000008ce00000| Untracked 
| 207|0x000000008cf00000, 0x000000008cf00000, 0x000000008d000000|  0%| F|  |TAMS 0x000000008cf00000, 0x000000008cf00000| Untracked 
| 208|0x000000008d000000, 0x000000008d000000, 0x000000008d100000|  0%| F|  |TAMS 0x000000008d000000, 0x000000008d000000| Untracked 
| 209|0x000000008d100000, 0x000000008d100000, 0x000000008d200000|  0%| F|  |TAMS 0x000000008d100000, 0x000000008d100000| Untracked 
| 210|0x000000008d200000, 0x000000008d300000, 0x000000008d300000|100%| E|  |TAMS 0x000000008d200000, 0x000000008d200000| Complete 
| 211|0x000000008d300000, 0x000000008d400000, 0x000000008d400000|100%| E|CS|TAMS 0x000000008d300000, 0x000000008d300000| Complete 
| 212|0x000000008d400000, 0x000000008d500000, 0x000000008d500000|100%| E|  |TAMS 0x000000008d400000, 0x000000008d400000| Complete 
| 213|0x000000008d500000, 0x000000008d600000, 0x000000008d600000|100%| E|CS|TAMS 0x000000008d500000, 0x000000008d500000| Complete 
| 214|0x000000008d600000, 0x000000008d700000, 0x000000008d700000|100%| E|CS|TAMS 0x000000008d600000, 0x000000008d600000| Complete 
| 215|0x000000008d700000, 0x000000008d800000, 0x000000008d800000|100%| E|CS|TAMS 0x000000008d700000, 0x000000008d700000| Complete 
| 216|0x000000008d800000, 0x000000008d900000, 0x000000008d900000|100%| E|CS|TAMS 0x000000008d800000, 0x000000008d800000| Complete 
| 217|0x000000008d900000, 0x000000008da00000, 0x000000008da00000|100%| E|CS|TAMS 0x000000008d900000, 0x000000008d900000| Complete 
| 218|0x000000008da00000, 0x000000008db00000, 0x000000008db00000|100%| E|CS|TAMS 0x000000008da00000, 0x000000008da00000| Complete 
| 219|0x000000008db00000, 0x000000008dc00000, 0x000000008dc00000|100%| E|CS|TAMS 0x000000008db00000, 0x000000008db00000| Complete 

Card table byte_map: [0x00000211b44d0000,0x00000211b48d0000] _byte_map_base: 0x00000211b40d0000

Marking Bits (Prev, Next): (CMBitMap*) 0x000002119f81ce58, (CMBitMap*) 0x000002119f81ce90
 Prev Bits: [0x00000211b4cd0000, 0x00000211b6cd0000)
 Next Bits: [0x00000211b6cd0000, 0x00000211b8cd0000)

Polling page: 0x000002119f770000

Metaspace:

Usage:
  Non-class:     96.62 MB capacity,    94.91 MB ( 98%) used,     1.42 MB (  1%) free+waste,   296.19 KB ( <1%) overhead. 
      Class:     14.81 MB capacity,    13.82 MB ( 93%) used,   883.13 KB (  6%) free+waste,   130.88 KB ( <1%) overhead. 
       Both:    111.42 MB capacity,   108.73 MB ( 98%) used,     2.28 MB (  2%) free+waste,   427.06 KB ( <1%) overhead. 

Virtual space:
  Non-class space:       98.00 MB reserved,      97.00 MB ( 99%) committed 
      Class space:        1.00 GB reserved,      15.00 MB (  1%) committed 
             Both:        1.10 GB reserved,     112.00 MB ( 10%) committed 

Chunk freelists:
   Non-Class:  264.00 KB
       Class:  133.00 KB
        Both:  397.00 KB

MaxMetaspaceSize: 17179869184.00 GB
CompressedClassSpaceSize: 1.00 GB
Initial GC threshold: 20.80 MB
Current GC threshold: 185.21 MB
CDS: off

CodeHeap 'non-profiled nmethods': size=120064Kb used=9490Kb max_used=9526Kb free=110573Kb
 bounds [0x00000211ac550000, 0x00000211acea0000, 0x00000211b3a90000]
CodeHeap 'profiled nmethods': size=120000Kb used=31906Kb max_used=31906Kb free=88093Kb
 bounds [0x00000211a5020000, 0x00000211a6f50000, 0x00000211ac550000]
CodeHeap 'non-nmethods': size=5696Kb used=2442Kb max_used=2489Kb free=3253Kb
 bounds [0x00000211a4a90000, 0x00000211a4d10000, 0x00000211a5020000]
 total_blobs=15090 nmethods=14113 adapters=888
 compilation: enabled
              stopped_count=0, restarted_count=0
 full_count=0

Compilation events (20 events):
Event: 6211.757 Thread 0x00000211c7b18000 nmethod 14060 0x00000211ace98c90 code [0x00000211ace98e20, 0x00000211ace98e78]
Event: 6211.757 Thread 0x00000211c7b18000 13922       4       java.lang.PublicMethods$MethodList::merge (25 bytes)
Event: 6211.757 Thread 0x00000211bb347800 nmethod 14093 0x00000211a6f10410 code [0x00000211a6f105c0, 0x00000211a6f10708]
Event: 6211.761 Thread 0x00000211bb347800 14096       3       org.gradle.internal.classpath.DefaultCachedClasspathTransformer::cachedFile (81 bytes)
Event: 6211.762 Thread 0x00000211bb347800 nmethod 14096 0x00000211a6f10810 code [0x00000211a6f10c60, 0x00000211a6f12cc8]
Event: 6211.762 Thread 0x00000211bb347800 14097       3       org.gradle.internal.classpath.DefaultCachedClasspathTransformer::snapshotOf (22 bytes)
Event: 6211.763 Thread 0x00000211bb347800 nmethod 14097 0x00000211a6f13790 code [0x00000211a6f13a40, 0x00000211a6f14838]
Event: 6211.763 Thread 0x00000211bb347800 14098       3       org.gradle.internal.classpath.DefaultCachedClasspathTransformer::lambda$snapshotOf$7 (2 bytes)
Event: 6211.763 Thread 0x00000211bb347800 nmethod 14098 0x00000211a6f14d10 code [0x00000211a6f14ec0, 0x00000211a6f14f98]
Event: 6211.765 Thread 0x00000211bb347800 14099       3       com.google.common.cache.LocalCache$StrongValueReference::notifyNewValue (1 bytes)
Event: 6211.765 Thread 0x00000211bb347800 nmethod 14099 0x00000211a6f15010 code [0x00000211a6f151c0, 0x00000211a6f152b8]
Event: 6211.765 Thread 0x00000211bb347800 14100       3       org.gradle.internal.classpath.DefaultCachedClasspathTransformer$$Lambda$230/0x00000001003a8840::call (16 bytes)
Event: 6211.765 Thread 0x00000211c7b18000 nmethod 13922 0x00000211ace98f90 code [0x00000211ace99140, 0x00000211ace99738]
Event: 6211.765 Thread 0x00000211c7b18000 14095       4       org.gradle.internal.resolve.result.DefaultBuildableTypedResolveResult::hasResult (20 bytes)
Event: 6211.766 Thread 0x00000211bb347800 nmethod 14100 0x00000211a6f15390 code [0x00000211a6f15580, 0x00000211a6f159a8]
Event: 6211.766 Thread 0x00000211bb347800 14101       3       org.gradle.internal.classpath.DefaultCachedClasspathTransformer::lambda$transformAll$9 (14 bytes)
Event: 6211.766 Thread 0x00000211bb347800 nmethod 14101 0x00000211a6f15b90 code [0x00000211a6f15d80, 0x00000211a6f16108]
Event: 6211.766 Thread 0x00000211bb347800 14102       3       org.gradle.internal.classpath.DefaultCachedClasspathTransformer::lambda$cachedFile$6 (8 bytes)
Event: 6211.766 Thread 0x00000211c7b18000 nmethod 14095 0x00000211ace99a10 code [0x00000211ace99ba0, 0x00000211ace99c38]
Event: 6211.766 Thread 0x00000211c7b18000 14094       4       java.math.BigInteger::<init> (93 bytes)

GC Heap History (20 events):
Event: 47.637 GC heap before
{Heap before GC invocations=63 (full 0):
 garbage-first heap   total 225280K, used 177511K [0x0000000080000000, 0x0000000100000000)
  region size 1024K, 46 young (47104K), 4 survivors (4096K)
 Metaspace       used 100857K, capacity 103264K, committed 103552K, reserved 1138688K
  class space    used 12928K, capacity 13833K, committed 13952K, reserved 1048576K
}
Event: 47.645 GC heap after
{Heap after GC invocations=64 (full 0):
 garbage-first heap   total 225280K, used 138001K [0x0000000080000000, 0x0000000100000000)
  region size 1024K, 5 young (5120K), 5 survivors (5120K)
 Metaspace       used 100857K, capacity 103264K, committed 103552K, reserved 1138688K
  class space    used 12928K, capacity 13833K, committed 13952K, reserved 1048576K
}
Event: 49.479 GC heap before
{Heap before GC invocations=65 (full 0):
 garbage-first heap   total 225280K, used 179985K [0x0000000080000000, 0x0000000100000000)
  region size 1024K, 47 young (48128K), 5 survivors (5120K)
 Metaspace       used 102027K, capacity 104505K, committed 104704K, reserved 1140736K
  class space    used 13039K, capacity 13998K, committed 14080K, reserved 1048576K
}
Event: 49.487 GC heap after
{Heap after GC invocations=66 (full 0):
 garbage-first heap   total 225280K, used 140492K [0x0000000080000000, 0x0000000100000000)
  region size 1024K, 5 young (5120K), 5 survivors (5120K)
 Metaspace       used 102027K, capacity 104505K, committed 104704K, reserved 1140736K
  class space    used 13039K, capacity 13998K, committed 14080K, reserved 1048576K
}
Event: 50.958 GC heap before
{Heap before GC invocations=66 (full 0):
 garbage-first heap   total 225280K, used 183500K [0x0000000080000000, 0x0000000100000000)
  region size 1024K, 47 young (48128K), 5 survivors (5120K)
 Metaspace       used 105081K, capacity 107545K, committed 107648K, reserved 1142784K
  class space    used 13447K, capacity 14414K, committed 14464K, reserved 1048576K
}
Event: 50.963 GC heap after
{Heap after GC invocations=67 (full 0):
 garbage-first heap   total 225280K, used 141728K [0x0000000080000000, 0x0000000100000000)
  region size 1024K, 4 young (4096K), 4 survivors (4096K)
 Metaspace       used 105081K, capacity 107545K, committed 107648K, reserved 1142784K
  class space    used 13447K, capacity 14414K, committed 14464K, reserved 1048576K
}
Event: 51.806 GC heap before
{Heap before GC invocations=68 (full 0):
 garbage-first heap   total 225280K, used 185760K [0x0000000080000000, 0x0000000100000000)
  region size 1024K, 47 young (48128K), 4 survivors (4096K)
 Metaspace       used 107794K, capacity 110266K, committed 110464K, reserved 1144832K
  class space    used 13747K, capacity 14653K, committed 14720K, reserved 1048576K
}
Event: 51.814 GC heap after
{Heap after GC invocations=69 (full 0):
 garbage-first heap   total 225280K, used 144724K [0x0000000080000000, 0x0000000100000000)
  region size 1024K, 4 young (4096K), 4 survivors (4096K)
 Metaspace       used 107794K, capacity 110266K, committed 110464K, reserved 1144832K
  class space    used 13747K, capacity 14653K, committed 14720K, reserved 1048576K
}
Event: 53.442 GC heap before
{Heap before GC invocations=69 (full 0):
 garbage-first heap   total 225280K, used 187732K [0x0000000080000000, 0x0000000100000000)
  region size 1024K, 46 young (47104K), 4 survivors (4096K)
 Metaspace       used 108721K, capacity 111276K, committed 111360K, reserved 1146880K
  class space    used 13874K, capacity 14819K, committed 14848K, reserved 1048576K
}
Event: 53.448 GC heap after
{Heap after GC invocations=70 (full 0):
 garbage-first heap   total 225280K, used 147242K [0x0000000080000000, 0x0000000100000000)
  region size 1024K, 3 young (3072K), 3 survivors (3072K)
 Metaspace       used 108721K, capacity 111276K, committed 111360K, reserved 1146880K
  class space    used 13874K, capacity 14819K, committed 14848K, reserved 1048576K
}
Event: 451.449 GC heap before
{Heap before GC invocations=71 (full 0):
 garbage-first heap   total 225280K, used 189226K [0x0000000080000000, 0x0000000100000000)
  region size 1024K, 44 young (45056K), 3 survivors (3072K)
 Metaspace       used 110556K, capacity 113338K, committed 113536K, reserved 1146880K
  class space    used 14101K, capacity 15112K, committed 15232K, reserved 1048576K
}
Event: 451.464 GC heap after
{Heap after GC invocations=72 (full 0):
 garbage-first heap   total 225280K, used 147831K [0x0000000080000000, 0x0000000100000000)
  region size 1024K, 4 young (4096K), 4 survivors (4096K)
 Metaspace       used 110556K, capacity 113338K, committed 113536K, reserved 1146880K
  class space    used 14101K, capacity 15112K, committed 15232K, reserved 1048576K
}
Event: 2821.454 GC heap before
{Heap before GC invocations=72 (full 0):
 garbage-first heap   total 225280K, used 190839K [0x0000000080000000, 0x0000000100000000)
  region size 1024K, 46 young (47104K), 4 survivors (4096K)
 Metaspace       used 110760K, capacity 113532K, committed 113792K, reserved 1148928K
  class space    used 14101K, capacity 15112K, committed 15232K, reserved 1048576K
}
Event: 2821.469 GC heap after
{Heap after GC invocations=73 (full 0):
 garbage-first heap   total 225280K, used 147983K [0x0000000080000000, 0x0000000100000000)
  region size 1024K, 4 young (4096K), 4 survivors (4096K)
 Metaspace       used 110760K, capacity 113532K, committed 113792K, reserved 1148928K
  class space    used 14101K, capacity 15112K, committed 15232K, reserved 1048576K
}
Event: 5278.456 GC heap before
{Heap before GC invocations=74 (full 0):
 garbage-first heap   total 225280K, used 192015K [0x0000000080000000, 0x0000000100000000)
  region size 1024K, 47 young (48128K), 4 survivors (4096K)
 Metaspace       used 110153K, capacity 112547K, committed 113792K, reserved 1148928K
  class space    used 13959K, capacity 14850K, committed 15232K, reserved 1048576K
}
Event: 5278.474 GC heap after
{Heap after GC invocations=75 (full 0):
 garbage-first heap   total 225280K, used 146674K [0x0000000080000000, 0x0000000100000000)
  region size 1024K, 2 young (2048K), 2 survivors (2048K)
 Metaspace       used 110153K, capacity 112547K, committed 113792K, reserved 1148928K
  class space    used 13959K, capacity 14850K, committed 15232K, reserved 1048576K
}
Event: 5782.449 GC heap before
{Heap before GC invocations=75 (full 0):
 garbage-first heap   total 225280K, used 155890K [0x0000000080000000, 0x0000000100000000)
  region size 1024K, 11 young (11264K), 2 survivors (2048K)
 Metaspace       used 110153K, capacity 112547K, committed 113792K, reserved 1148928K
  class space    used 13959K, capacity 14850K, committed 15232K, reserved 1048576K
}
Event: 5782.495 GC heap after
{Heap after GC invocations=76 (full 0):
 garbage-first heap   total 225280K, used 140806K [0x0000000080000000, 0x0000000100000000)
  region size 1024K, 1 young (1024K), 1 survivors (1024K)
 Metaspace       used 110153K, capacity 112547K, committed 113792K, reserved 1148928K
  class space    used 13959K, capacity 14850K, committed 15232K, reserved 1048576K
}
Event: 6211.735 GC heap before
{Heap before GC invocations=76 (full 0):
 garbage-first heap   total 225280K, used 188934K [0x0000000080000000, 0x0000000100000000)
  region size 1024K, 48 young (49152K), 1 survivors (1024K)
 Metaspace       used 111275K, capacity 114017K, committed 114688K, reserved 1148928K
  class space    used 14147K, capacity 15161K, committed 15360K, reserved 1048576K
}
Event: 6211.746 GC heap after
{Heap after GC invocations=77 (full 0):
 garbage-first heap   total 225280K, used 144622K [0x0000000080000000, 0x0000000100000000)
  region size 1024K, 5 young (5120K), 5 survivors (5120K)
 Metaspace       used 111275K, capacity 114017K, committed 114688K, reserved 1148928K
  class space    used 14147K, capacity 15161K, committed 15360K, reserved 1048576K
}

Deoptimization events (20 events):
Event: 6211.575 Thread 0x00000211bf1b2800 Uncommon trap: trap_request=0xffffff4d fr.pc=0x00000211ac852658 relative=0x00000000000005f8
Event: 6211.575 Thread 0x00000211bf1b2800 Uncommon trap: reason=unstable_if action=reinterpret pc=0x00000211ac852658 method=java.lang.ref.SoftReference.get()Ljava/lang/Object; @ 6 c2
Event: 6211.575 Thread 0x00000211bf1b2800 DEOPT PACKING pc=0x00000211ac852658 sp=0x00000055f69fc280
Event: 6211.575 Thread 0x00000211bf1b2800 DEOPT UNPACKING pc=0x00000211a4ada1af sp=0x00000055f69fc108 mode 2
Event: 6211.600 Thread 0x00000211bf1b2800 Uncommon trap: trap_request=0xffffffde fr.pc=0x00000211ace7c080 relative=0x0000000000000980
Event: 6211.600 Thread 0x00000211bf1b2800 Uncommon trap: reason=class_check action=maybe_recompile pc=0x00000211ace7c080 method=org.gradle.cache.internal.LockOnDemandCrossProcessCacheAccess.incrementLockCount()V @ 97 c2
Event: 6211.600 Thread 0x00000211bf1b2800 DEOPT PACKING pc=0x00000211ace7c080 sp=0x00000055f69f3c10
Event: 6211.601 Thread 0x00000211bf1b2800 DEOPT UNPACKING pc=0x00000211a4ada1af sp=0x00000055f69f3bf0 mode 2
Event: 6211.608 Thread 0x00000211bf1b2800 Uncommon trap: trap_request=0xffffff4d fr.pc=0x00000211acdd139c relative=0x00000000000005dc
Event: 6211.608 Thread 0x00000211bf1b2800 Uncommon trap: reason=unstable_if action=reinterpret pc=0x00000211acdd139c method=java.lang.ThreadLocal$ThreadLocalMap.remove(Ljava/lang/ThreadLocal;)V @ 26 c2
Event: 6211.608 Thread 0x00000211bf1b2800 DEOPT PACKING pc=0x00000211acdd139c sp=0x00000055f69f9cd0
Event: 6211.608 Thread 0x00000211bf1b2800 DEOPT UNPACKING pc=0x00000211a4ada1af sp=0x00000055f69f9c18 mode 2
Event: 6211.608 Thread 0x00000211bf1b2800 Uncommon trap: trap_request=0xffffffde fr.pc=0x00000211acc50a68 relative=0x0000000000000a08
Event: 6211.608 Thread 0x00000211bf1b2800 Uncommon trap: reason=class_check action=maybe_recompile pc=0x00000211acc50a68 method=org.gradle.tooling.internal.provider.runner.ClientBuildEventGenerator.started(Lorg/gradle/internal/operations/BuildOperationDescriptor;Lorg/gradle/internal/operations/Op
Event: 6211.608 Thread 0x00000211bf1b2800 DEOPT PACKING pc=0x00000211acc50a68 sp=0x00000055f69fa9d0
Event: 6211.608 Thread 0x00000211bf1b2800 DEOPT UNPACKING pc=0x00000211a4ada1af sp=0x00000055f69fa990 mode 2
Event: 6211.639 Thread 0x00000211bf1b2800 Uncommon trap: trap_request=0xffffffc6 fr.pc=0x00000211acc58e60 relative=0x0000000000000380
Event: 6211.639 Thread 0x00000211bf1b2800 Uncommon trap: reason=bimorphic_or_optimized_type_check action=maybe_recompile pc=0x00000211acc58e60 method=com.google.common.collect.NaturalOrdering.compare(Ljava/lang/Comparable;Ljava/lang/Comparable;)I @ 12 c2
Event: 6211.639 Thread 0x00000211bf1b2800 DEOPT PACKING pc=0x00000211acc58e60 sp=0x00000055f69f8100
Event: 6211.639 Thread 0x00000211bf1b2800 DEOPT UNPACKING pc=0x00000211a4ada1af sp=0x00000055f69f8038 mode 2

Classes redefined (0 events):
No events

Internal exceptions (20 events):
Event: 6211.377 Thread 0x00000211bf1b2800 Exception <a 'java/lang/NoSuchMethodError'{0x000000008cbd0350}: <clinit>> (0x000000008cbd0350) thrown at [./src/hotspot/share/prims/jni.cpp, line 1366]
Event: 6211.377 Thread 0x00000211bf1b2800 Exception <a 'java/lang/NoSuchMethodError'{0x000000008cbd1958}: <clinit>> (0x000000008cbd1958) thrown at [./src/hotspot/share/prims/jni.cpp, line 1366]
Event: 6211.377 Thread 0x00000211bf1b2800 Exception <a 'java/lang/NoSuchMethodError'{0x000000008cbd2ef0}: <clinit>> (0x000000008cbd2ef0) thrown at [./src/hotspot/share/prims/jni.cpp, line 1366]
Event: 6211.377 Thread 0x00000211bf1b2800 Exception <a 'java/lang/NoSuchMethodError'{0x000000008cbd4650}: <clinit>> (0x000000008cbd4650) thrown at [./src/hotspot/share/prims/jni.cpp, line 1366]
Event: 6211.377 Thread 0x00000211bf1b2800 Exception <a 'java/lang/NoSuchMethodError'{0x000000008cbd5ce8}: <clinit>> (0x000000008cbd5ce8) thrown at [./src/hotspot/share/prims/jni.cpp, line 1366]
Event: 6211.377 Thread 0x00000211bf1b2800 Exception <a 'java/lang/NoSuchMethodError'{0x000000008cbd6f78}: <clinit>> (0x000000008cbd6f78) thrown at [./src/hotspot/share/prims/jni.cpp, line 1366]
Event: 6211.403 Thread 0x00000211bf1b2800 Implicit null exception at 0x00000211aca5998e to 0x00000211aca5fd80
Event: 6211.404 Thread 0x00000211bf1b2800 Implicit null exception at 0x00000211aca4f6f9 to 0x00000211aca529ac
Event: 6211.436 Thread 0x00000211bf1b2800 Implicit null exception at 0x00000211acb477eb to 0x00000211acb4cb78
Event: 6211.441 Thread 0x00000211bf1b2800 Exception <a 'java/lang/ClassNotFoundException'{0x000000008c8e93a0}: sync_studio_tooling2_6x6fhperjlnxw4jr59r5rk7osBeanInfo> (0x000000008c8e93a0) thrown at [./src/hotspot/share/classfile/systemDictionary.cpp, line 231]
Event: 6211.442 Thread 0x00000211bf1b2800 Exception <a 'java/lang/ClassNotFoundException'{0x000000008c8f71a0}: sync_studio_tooling2_6x6fhperjlnxw4jr59r5rk7osCustomizer> (0x000000008c8f71a0) thrown at [./src/hotspot/share/classfile/systemDictionary.cpp, line 231]
Event: 6211.442 Thread 0x00000211bf1b2800 Implicit null exception at 0x00000211acd78565 to 0x00000211acd7f2ac
Event: 6211.443 Thread 0x00000211bf1b2800 Implicit null exception at 0x00000211acd6aad5 to 0x00000211acd6ae78
Event: 6211.443 Thread 0x00000211bf1b2800 Implicit null exception at 0x00000211ac859c9b to 0x00000211ac859d64
Event: 6211.449 Thread 0x00000211bf1b2800 Implicit null exception at 0x00000211acab4b43 to 0x00000211acab9818
Event: 6211.503 Thread 0x00000211bf1b2800 Exception <a 'java/lang/ClassNotFoundException'{0x000000008c67c888}: sync_studio_tooling2_6x6fhperjlnxw4jr59r5rk7osBeanInfo> (0x000000008c67c888) thrown at [./src/hotspot/share/classfile/systemDictionary.cpp, line 231]
Event: 6211.504 Thread 0x00000211bf1b2800 Exception <a 'java/lang/ClassNotFoundException'{0x000000008c68a3e8}: sync_studio_tooling2_6x6fhperjlnxw4jr59r5rk7osCustomizer> (0x000000008c68a3e8) thrown at [./src/hotspot/share/classfile/systemDictionary.cpp, line 231]
Event: 6211.575 Thread 0x00000211bf1b2800 Implicit null exception at 0x00000211ac8522b7 to 0x00000211ac85263c
Event: 6211.601 Thread 0x00000211bf1b2800 Exception <a 'java/lang/NoSuchMethodError'{0x000000008bbb6858}: 'java.lang.Object java.lang.invoke.DelegatingMethodHandle$Holder.reinvoke_L(java.lang.Object, java.lang.Object, java.lang.Object, java.lang.Object, java.lang.Object, java.lang.Object, java.lang.Object, java.lang.Object, java.lang.Object, java.lang.Object, java.lang.Object, java.lang.Object, java.lang.Object, java.lang.Object, java.lang.Object, java.lang.Object, java.lang.Object, java.lang.Object, java.lang.Object, java.lang.Object, java.lang.O
Event: 6211.605 Thread 0x00000211bf1b2800 Exception <a 'java/lang/NoSuchMethodError'{0x000000008ba312d8}: 'java.lang.Object java.lang.invoke.DelegatingMethodHandle$Holder.reinvoke_L(java.lang.Object, java.lang.Object, java.lang.Object, java.lang.Object, java.lang.Object, java.lang.Object, java.lang.Object, java.lang.Object, java.lang.Object, java.lang.Object, java.lang.Object, java.lang.Object, java.lang.Object, java.lang.Object, java.lang.Object, java.lang.Object, java.lang.Object, java.lang.Object, java.lang.Object, java.lang.Object)'> (0x000000

Events (20 events):
Event: 6211.720 Thread 0x00000211bf8c0000 Thread added: 0x00000211bf8c0000
Event: 6211.720 Thread 0x00000211bf8c3800 Thread added: 0x00000211bf8c3800
Event: 6211.721 Thread 0x00000211bf8be800 Thread added: 0x00000211bf8be800
Event: 6211.722 Thread 0x00000211bf8be000 Thread added: 0x00000211bf8be000
Event: 6211.722 Thread 0x00000211bf8c4800 Thread added: 0x00000211bf8c4800
Event: 6211.723 Thread 0x00000211bf8c5000 Thread added: 0x00000211bf8c5000
Event: 6211.723 Thread 0x00000211bf8bf800 Thread added: 0x00000211bf8bf800
Event: 6211.723 Thread 0x00000211bf8c6000 Thread added: 0x00000211bf8c6000
Event: 6211.723 Thread 0x00000211bf8c7000 Thread added: 0x00000211bf8c7000
Event: 6211.723 Thread 0x00000211bf8c7800 Thread added: 0x00000211bf8c7800
Event: 6211.723 Thread 0x00000211bf8c8800 Thread added: 0x00000211bf8c8800
Event: 6211.723 Thread 0x00000211bf8c9000 Thread added: 0x00000211bf8c9000
Event: 6211.723 Thread 0x00000211bf8ca000 Thread added: 0x00000211bf8ca000
Event: 6211.723 Thread 0x00000211c26b2800 Thread added: 0x00000211c26b2800
Event: 6211.723 Thread 0x00000211c26b3000 Thread added: 0x00000211c26b3000
Event: 6211.724 Thread 0x00000211c26b1800 Thread added: 0x00000211c26b1800
Event: 6211.724 Thread 0x00000211c26b0000 Thread added: 0x00000211c26b0000
Event: 6211.724 Thread 0x00000211c26ae800 Thread added: 0x00000211c26ae800
Event: 6211.734 Executing VM operation: G1CollectForAllocation
Event: 6211.746 Executing VM operation: G1CollectForAllocation done


Dynamic libraries:
0x00007ff62b250000 - 0x00007ff62b25a000 	C:\Program Files\Android\Android Studio\jre\bin\java.exe
0x00007ffab6c50000 - 0x00007ffab6e48000 	C:\WINDOWS\SYSTEM32\ntdll.dll
0x00007ffab5720000 - 0x00007ffab57df000 	C:\WINDOWS\System32\KERNEL32.DLL
0x00007ffab4470000 - 0x00007ffab4742000 	C:\WINDOWS\System32\KERNELBASE.dll
0x00007ffab47a0000 - 0x00007ffab48a0000 	C:\WINDOWS\System32\ucrtbase.dll
0x00007ffaa6470000 - 0x00007ffaa6489000 	C:\Program Files\Android\Android Studio\jre\bin\jli.dll
0x00007ffab4ed0000 - 0x00007ffab506d000 	C:\WINDOWS\System32\USER32.dll
0x00007ffab48a0000 - 0x00007ffab48c2000 	C:\WINDOWS\System32\win32u.dll
0x00007ffab57e0000 - 0x00007ffab580b000 	C:\WINDOWS\System32\GDI32.dll
0x00007ffaa2110000 - 0x00007ffaa23aa000 	C:\WINDOWS\WinSxS\amd64_microsoft.windows.common-controls_6595b64144ccf1df_6.0.19041.1110_none_60b5254171f9507e\COMCTL32.dll
0x00007ffab4ac0000 - 0x00007ffab4bcf000 	C:\WINDOWS\System32\gdi32full.dll
0x00007ffab6a70000 - 0x00007ffab6b0e000 	C:\WINDOWS\System32\msvcrt.dll
0x00007ffab4c00000 - 0x00007ffab4c9d000 	C:\WINDOWS\System32\msvcp_win.dll
0x00007ffaa6450000 - 0x00007ffaa6467000 	C:\Program Files\Android\Android Studio\jre\bin\VCRUNTIME140.dll
0x00007ffab5670000 - 0x00007ffab56a2000 	C:\WINDOWS\System32\IMM32.DLL
0x0000000062ac0000 - 0x0000000062acc000 	C:\Program Files (x86)\360\Total Security\safemon\SafeWrapper.dll
0x00007ffab5520000 - 0x00007ffab55ce000 	C:\WINDOWS\System32\ADVAPI32.dll
0x00007ffab55d0000 - 0x00007ffab566c000 	C:\WINDOWS\System32\sechost.dll
0x00007ffab53f0000 - 0x00007ffab5515000 	C:\WINDOWS\System32\RPCRT4.dll
0x00007ffaa6380000 - 0x00007ffaa6412000 	C:\Program Files (x86)\360\Total Security\safemon\libzdtp64.dll
0x00007ffab5810000 - 0x00007ffab5f53000 	C:\WINDOWS\System32\SHELL32.dll
0x00007ffab4e70000 - 0x00007ffab4ec5000 	C:\WINDOWS\System32\SHLWAPI.dll
0x00007ffab4030000 - 0x00007ffab403a000 	C:\WINDOWS\SYSTEM32\VERSION.dll
0x00007ffaa62e0000 - 0x00007ffaa637d000 	C:\Program Files\Android\Android Studio\jre\bin\msvcp140.dll
0x00007ffa7e600000 - 0x00007ffa7f102000 	C:\Program Files\Android\Android Studio\jre\bin\server\jvm.dll
0x00007ffab5f60000 - 0x00007ffab5f68000 	C:\WINDOWS\System32\PSAPI.DLL
0x00007ffab3dc0000 - 0x00007ffab3dc9000 	C:\WINDOWS\SYSTEM32\WSOCK32.dll
0x00007ffaa1f10000 - 0x00007ffaa1f37000 	C:\WINDOWS\SYSTEM32\WINMM.dll
0x00007ffab56b0000 - 0x00007ffab571b000 	C:\WINDOWS\System32\WS2_32.dll
0x00007ffab13c0000 - 0x00007ffab13d2000 	C:\WINDOWS\SYSTEM32\kernel.appcore.dll
0x00007ffaaf0b0000 - 0x00007ffaaf0c1000 	C:\Program Files\Android\Android Studio\jre\bin\verify.dll
0x00007ffab3dd0000 - 0x00007ffab3fb4000 	C:\WINDOWS\SYSTEM32\DBGHELP.DLL
0x00007ffab3c40000 - 0x00007ffab3c6c000 	C:\WINDOWS\SYSTEM32\dbgcore.DLL
0x00007ffab4a30000 - 0x00007ffab4ab2000 	C:\WINDOWS\System32\bcryptPrimitives.dll
0x00007ffa9e030000 - 0x00007ffa9e059000 	C:\Program Files\Android\Android Studio\jre\bin\java.dll
0x00007ffab3b00000 - 0x00007ffab3b0b000 	C:\Program Files\Android\Android Studio\jre\bin\jimage.dll
0x00007ffaae2e0000 - 0x00007ffaae2f8000 	C:\Program Files\Android\Android Studio\jre\bin\zip.dll
0x00007ffab15c0000 - 0x00007ffab1d52000 	C:\WINDOWS\SYSTEM32\windows.storage.dll
0x00007ffab6090000 - 0x00007ffab63e4000 	C:\WINDOWS\System32\combase.dll
0x00007ffab3740000 - 0x00007ffab3770000 	C:\WINDOWS\SYSTEM32\Wldp.dll
0x00007ffab4db0000 - 0x00007ffab4e5d000 	C:\WINDOWS\System32\SHCORE.dll
0x00007ffab4290000 - 0x00007ffab42af000 	C:\WINDOWS\SYSTEM32\profapi.dll
0x00007ffaaa0b0000 - 0x00007ffaaa0ca000 	C:\Program Files\Android\Android Studio\jre\bin\net.dll
0x00007ffaa6f90000 - 0x00007ffaa709c000 	C:\WINDOWS\SYSTEM32\WINHTTP.dll
0x00007ffab3330000 - 0x00007ffab339a000 	C:\WINDOWS\system32\mswsock.dll
0x00007ffaa8670000 - 0x00007ffaa8684000 	C:\Program Files\Android\Android Studio\jre\bin\nio.dll
0x00007ffaa6490000 - 0x00007ffaa64b7000 	C:\Users\Marina\.gradle\native\e1d6ef7f7dcc3fd88c89a11ec53ec762bb8ba0a96d01ffa2cd45eb1d1d8dd5c5\windows-amd64\native-platform.dll
0x00007ffaa6190000 - 0x00007ffaa62d4000 	C:\Users\Marina\.gradle\native\0d407fdbe67a94daf76414ababcb853783967236a71b16ec16e742cd7a986fd3\windows-amd64\native-platform-file-events.dll
0x00007ffab2270000 - 0x00007ffab227a000 	C:\Program Files\Android\Android Studio\jre\bin\management.dll
0x00007ffab0c10000 - 0x00007ffab0c1d000 	C:\Program Files\Android\Android Studio\jre\bin\management_ext.dll
0x00007ffab4000000 - 0x00007ffab4018000 	C:\WINDOWS\SYSTEM32\CRYPTSP.dll
0x00007ffab2cc0000 - 0x00007ffab2cf4000 	C:\WINDOWS\system32\rsaenh.dll
0x00007ffab4bd0000 - 0x00007ffab4bf7000 	C:\WINDOWS\System32\bcrypt.dll
0x00007ffab4210000 - 0x00007ffab423e000 	C:\WINDOWS\SYSTEM32\USERENV.dll
0x00007ffab36e0000 - 0x00007ffab36ec000 	C:\WINDOWS\SYSTEM32\CRYPTBASE.dll
0x00007ffab3030000 - 0x00007ffab306b000 	C:\WINDOWS\SYSTEM32\IPHLPAPI.DLL
0x00007ffab4e60000 - 0x00007ffab4e68000 	C:\WINDOWS\System32\NSI.dll
0x00007ffaaac10000 - 0x00007ffaaac27000 	C:\WINDOWS\SYSTEM32\dhcpcsvc6.DLL
0x00007ffaaabf0000 - 0x00007ffaaac0d000 	C:\WINDOWS\SYSTEM32\dhcpcsvc.DLL
0x00007ffab3070000 - 0x00007ffab313a000 	C:\WINDOWS\SYSTEM32\DNSAPI.dll

dbghelp: loaded successfully - version: 4.0.5 - missing functions: none
symbol engine: initialized successfully - sym options: 0x614 - pdb path: .;C:\Program Files\Android\Android Studio\jre\bin;C:\WINDOWS\SYSTEM32;C:\WINDOWS\WinSxS\amd64_microsoft.windows.common-controls_6595b64144ccf1df_6.0.19041.1110_none_60b5254171f9507e;C:\Program Files (x86)\360\Total Security\safemon;C:\Program Files\Android\Android Studio\jre\bin\server;C:\Users\Marina\.gradle\native\e1d6ef7f7dcc3fd88c89a11ec53ec762bb8ba0a96d01ffa2cd45eb1d1d8dd5c5\windows-amd64;C:\Users\Marina\.gradle\native\0d407fdbe67a94daf76414ababcb853783967236a71b16ec16e742cd7a986fd3\windows-amd64

VM Arguments:
jvm_args: --add-opens=java.base/java.util=ALL-UNNAMED --add-opens=java.base/java.lang=ALL-UNNAMED --add-opens=java.base/java.lang.invoke=ALL-UNNAMED --add-opens=java.base/java.util=ALL-UNNAMED --add-opens=java.prefs/java.util.prefs=ALL-UNNAMED --add-opens=java.prefs/java.util.prefs=ALL-UNNAMED --add-opens=java.base/java.nio.charset=ALL-UNNAMED --add-opens=java.base/java.net=ALL-UNNAMED --add-opens=java.base/java.util.concurrent.atomic=ALL-UNNAMED -Xmx2048m -Dfile.encoding=UTF-8 -Duser.country=RU -Duser.language=ru -Duser.variant 
java_command: org.gradle.launcher.daemon.bootstrap.GradleDaemon 7.4
java_class_path (initial): C:\Users\Marina\.gradle\wrapper\dists\gradle-7.4-bin\c0gwcg53nkjbqw7r0h0umtfvt\gradle-7.4\lib\gradle-launcher-7.4.jar
Launcher Type: SUN_STANDARD

[Global flags]
     intx CICompilerCount                          = 3                                         {product} {ergonomic}
     uint ConcGCThreads                            = 1                                         {product} {ergonomic}
     uint G1ConcRefinementThreads                  = 4                                         {product} {ergonomic}
   size_t G1HeapRegionSize                         = 1048576                                   {product} {ergonomic}
    uintx GCDrainStackTargetSize                   = 64                                        {product} {ergonomic}
   size_t InitialHeapSize                          = 132120576                                 {product} {ergonomic}
   size_t MarkStackSize                            = 4194304                                   {product} {ergonomic}
   size_t MaxHeapSize                              = 2147483648                                {product} {command line}
   size_t MaxNewSize                               = 1287651328                                {product} {ergonomic}
   size_t MinHeapDeltaBytes                        = 1048576                                   {product} {ergonomic}
    uintx NonNMethodCodeHeapSize                   = 5830732                                {pd product} {ergonomic}
    uintx NonProfiledCodeHeapSize                  = 122913754                              {pd product} {ergonomic}
    uintx ProfiledCodeHeapSize                     = 122913754                              {pd product} {ergonomic}
    uintx ReservedCodeCacheSize                    = 251658240                              {pd product} {ergonomic}
     bool SegmentedCodeCache                       = true                                      {product} {ergonomic}
     bool UseCompressedClassPointers               = true                                 {lp64_product} {ergonomic}
     bool UseCompressedOops                        = true                                 {lp64_product} {ergonomic}
     bool UseG1GC                                  = true                                      {product} {ergonomic}
     bool UseLargePagesIndividualAllocation        = false                                  {pd product} {ergonomic}

Logging:
Log output configuration:
 #0: stdout all=warning uptime,level,tags
 #1: stderr all=off uptime,level,tags

Environment Variables:
PATH=C:\Program Files\Common Files\Oracle\Java\javapath;C:\WINDOWS\system32;C:\WINDOWS;C:\WINDOWS\System32\Wbem;C:\WINDOWS\System32\WindowsPowerShell\v1.0\;C:\WINDOWS\System32\OpenSSH\;C:\Program Files\Git\cmd;C:\Users\Marina\AppData\Local\Microsoft\WindowsApps;
USERNAME=Marina
OS=Windows_NT
PROCESSOR_IDENTIFIER=Intel64 Family 6 Model 60 Stepping 3, GenuineIntel



---------------  S Y S T E M  ---------------

OS: Windows 10 , 64 bit Build 19041 (10.0.19041.2251)
OS uptime: 0 days 16:15 hours

CPU:total 4 (initial active 4) (4 cores per cpu, 1 threads per core) family 6 model 60 stepping 3 microcode 0x27, cmov, cx8, fxsr, mmx, sse, sse2, sse3, ssse3, sse4.1, sse4.2, popcnt, avx, avx2, aes, clmul, erms, lzcnt, tsc, tscinvbit, bmi1, bmi2, fma

Memory: 4k page, system-wide physical 8052M (1892M free)
TotalPageFile size 9332M (AvailPageFile size 2216M)
current process WorkingSet (physical memory assigned to process): 391M, peak: 539M
current process commit charge ("private bytes"): 547M, peak: 569M

vm_info: OpenJDK 64-Bit Server VM (11.0.13+0-b1751.21-8125866) for windows-amd64 JRE (11.0.13+0-b1751.21-8125866), built on Feb  2 2022 03:00:22 by "builder" with MS VC++ 14.0 (VS2015)

END.
